T0EC8 3823:276 SEGGER J-Link V4.98e Log File (0001ms, 87642ms total)
T0EC8 3823:276 DLL Compiled: May  5 2015 11:00:52 (0001ms, 87642ms total)
T0EC8 3823:276 Logging started @ 2016-05-25 17:17 (0001ms, 87642ms total)
T0EC8 3823:317 JLINK_ExecCommand("Device = AT91SAM4SD32C", ...)Device "ATSAM4SD32C" selected.  returns 0x00 (0002ms, 87644ms total)
T0EC8 3823:794 JLINK_ExecCommand("ProjectFile = C:\Users\Lucas\Documents\GitHub\Entregas\15-DAC\LCD-Desenhos\jlink.config", ...)  returns 0x00 (0001ms, 87645ms total)
T0EC8 3823:857 JLINK_ExecCommand("Device = AT91SAM4SD32C", ...)Device "ATSAM4SD32C" selected.  returns 0x00 (0002ms, 87647ms total)
T0EC8 3823:859 JLINK_TIF_Select(JLINKARM_TIF_JTAG)  returns 0x00 (0007ms, 87654ms total)
T0EC8 3823:866 JLINK_GetIdData(...) >0x2F8 JTAG>TotalIRLen = 4, IRPrint = 0x01 >0x30 JTAG> >0x210 JTAG> >0x70 JTAG> >0x40 JTAG> >0x40 JTAG> >0x40 JTAG> >0x48 JTAG> >0x78 JTAG> >0x40 JTAG> >0x30 JTAG> >0x40 JTAG> >0x40 JTAG> >0x30 JTAG> >0x40 JTAG> >0x48 JTAG>Found Cortex-M4 r0p1, Little endian. -- CPU_WriteMem(4 bytes @ 0xE0002000) -- CPU_ReadMem(4 bytes @ 0xE000EDF0) -- CPU_ReadMem(4 bytes @ 0xE0002000)FPUnit: 6 code (BP) slots and 2 literal slots -- CPU_ReadMem(4 bytes @ 0xE000EDFC)
 -- CPU_ReadMem(4 bytes @ 0xE0001000) -- CPU_WriteMem(4 bytes @ 0xE0001000) -- CPU_ReadMem(4 bytes @ 0xE000ED88) -- CPU_WriteMem(4 bytes @ 0xE000ED88) -- CPU_ReadMem(4 bytes @ 0xE000ED88) -- CPU_WriteMem(4 bytes @ 0xE000ED88)CoreSight components:ROMTbl 0 @ E00FF000 -- CPU_ReadMem(16 bytes @ 0xE00FF000) -- CPU_ReadMem(16 bytes @ 0xE000EFF0) -- CPU_ReadMem(16 bytes @ 0xE000EFE0)ROMTbl 0 [0]: FFF0F000, CID: B105E00D, PID: 000BB000 SCS -- CPU_ReadMem(16 bytes @ 0xE0001FF0)
 -- CPU_ReadMem(16 bytes @ 0xE0001FE0)ROMTbl 0 [1]: FFF02000, CID: B105E00D, PID: 003BB002 DWT -- CPU_ReadMem(16 bytes @ 0xE0002FF0) -- CPU_ReadMem(16 bytes @ 0xE0002FE0)ROMTbl 0 [2]: FFF03000, CID: B105E00D, PID: 002BB003 FPB -- CPU_ReadMem(16 bytes @ 0xE0000FF0) -- CPU_ReadMem(16 bytes @ 0xE0000FE0)ROMTbl 0 [3]: FFF01000, CID: B105E00D, PID: 003BB001 ITM -- CPU_ReadMem(16 bytes @ 0xE00FF010) -- CPU_ReadMem(16 bytes @ 0xE0040FF0) -- CPU_ReadMem(16 bytes @ 0xE0040FE0)
ROMTbl 0 [4]: FFF41000, CID: B105900D, PID: 000BB9A1 TPIU ScanLen=4 NumDevices=1 aId[0]=0x4BA00477 aIrRead[0]=0 aScanLen[0]=0 aScanRead[0]=0 (0104ms, 87758ms total)
T0EC8 3823:970 JLINK_ConfigJTAG(IRPre = 0, DRPre = 0) (0001ms, 87759ms total)
T0EC8 3823:971 JLINK_SetSpeed(1000) (0004ms, 87763ms total)
T0EC8 3823:975 JLINK_ResetPullsRESET(OFF) (0000ms, 87763ms total)
T0EC8 3823:975 JLINK_Connect() >0x2F8 JTAG>TotalIRLen = 4, IRPrint = 0x01 >0x30 JTAG> >0x210 JTAG> >0x70 JTAG> >0x40 JTAG> >0x40 JTAG> >0x40 JTAG> >0x48 JTAG> >0x78 JTAG> >0x40 JTAG> >0x30 JTAG> >0x40 JTAG> >0x40 JTAG> >0x30 JTAG> >0x40 JTAG> >0x48 JTAG>Found Cortex-M4 r0p1, Little endian. -- CPU_WriteMem(4 bytes @ 0xE0002000) -- CPU_ReadMem(4 bytes @ 0xE000EDF0) -- CPU_ReadMem(4 bytes @ 0xE0002000)FPUnit: 6 code (BP) slots and 2 literal slots -- CPU_ReadMem(4 bytes @ 0xE000EDFC)
 -- CPU_ReadMem(4 bytes @ 0xE0001000) -- CPU_WriteMem(4 bytes @ 0xE0001000) -- CPU_ReadMem(4 bytes @ 0xE000ED88) -- CPU_WriteMem(4 bytes @ 0xE000ED88) -- CPU_ReadMem(4 bytes @ 0xE000ED88) -- CPU_WriteMem(4 bytes @ 0xE000ED88)CoreSight components:ROMTbl 0 @ E00FF000 -- CPU_ReadMem(16 bytes @ 0xE00FF000) -- CPU_ReadMem(16 bytes @ 0xE000EFF0) -- CPU_ReadMem(16 bytes @ 0xE000EFE0)ROMTbl 0 [0]: FFF0F000, CID: B105E00D, PID: 000BB000 SCS -- CPU_ReadMem(16 bytes @ 0xE0001FF0)
 -- CPU_ReadMem(16 bytes @ 0xE0001FE0)ROMTbl 0 [1]: FFF02000, CID: B105E00D, PID: 003BB002 DWT -- CPU_ReadMem(16 bytes @ 0xE0002FF0) -- CPU_ReadMem(16 bytes @ 0xE0002FE0)ROMTbl 0 [2]: FFF03000, CID: B105E00D, PID: 002BB003 FPB -- CPU_ReadMem(16 bytes @ 0xE0000FF0) -- CPU_ReadMem(16 bytes @ 0xE0000FE0)ROMTbl 0 [3]: FFF01000, CID: B105E00D, PID: 003BB001 ITM -- CPU_ReadMem(16 bytes @ 0xE00FF010) -- CPU_ReadMem(16 bytes @ 0xE0040FF0) -- CPU_ReadMem(16 bytes @ 0xE0040FE0)
ROMTbl 0 [4]: FFF41000, CID: B105900D, PID: 000BB9A1 TPIU  returns 0x00 (0096ms, 87859ms total)
T0EC8 3824:071 JLINK_GetDebugInfo(0x100) -- Value=0xE00FF003  returns 0x00 (0001ms, 87860ms total)
T0EC8 3824:072 JLINK_ReadMem (0xE00FFFF0, 0x0010 Bytes, ...) -- CPU is running -- CPU_ReadMem(16 bytes @ 0xE00FFFF0) - Data: 0D 00 00 00 10 00 00 00 05 00 00 00 B1 00 00 00  returns 0x00 (0003ms, 87863ms total)
T0EC8 3824:076 JLINK_ReadMem (0xE00FFFD0, 0x0020 Bytes, ...) -- CPU is running -- CPU_ReadMem(32 bytes @ 0xE00FFFD0) - Data: 04 00 00 00 00 00 00 00 00 00 00 00 00 00 00 00 ...  returns 0x00 (0002ms, 87865ms total)
T0EC8 3824:078 JLINK_ReadMemU32(0xE00FF000, 0x0001 Items, ...) -- CPU is running -- CPU_ReadMem(4 bytes @ 0xE00FF000) - Data: 03 F0 F0 FF  returns 0x01 (0002ms, 87867ms total)
T0EC8 3824:080 JLINK_ReadMem (0xE000EFF0, 0x0010 Bytes, ...) -- CPU is running -- CPU_ReadMem(16 bytes @ 0xE000EFF0) - Data: 0D 00 00 00 E0 00 00 00 05 00 00 00 B1 00 00 00  returns 0x00 (0012ms, 87879ms total)
T0EC8 3824:092 JLINK_ReadMem (0xE000EFD0, 0x0020 Bytes, ...) -- CPU is running -- CPU_ReadMem(32 bytes @ 0xE000EFD0) - Data: 04 00 00 00 00 00 00 00 00 00 00 00 00 00 00 00 ...  returns 0x00 (0011ms, 87890ms total)
T0EC8 3824:103 JLINK_ReadMemU32(0xE00FF004, 0x0001 Items, ...) -- CPU is running -- CPU_ReadMem(4 bytes @ 0xE00FF004) - Data: 03 20 F0 FF  returns 0x01 (0015ms, 87905ms total)
T0EC8 3824:118 JLINK_ReadMem (0xE0001FF0, 0x0010 Bytes, ...) -- CPU is running -- CPU_ReadMem(16 bytes @ 0xE0001FF0) - Data: 0D 00 00 00 E0 00 00 00 05 00 00 00 B1 00 00 00  returns 0x00 (0019ms, 87924ms total)
T0EC8 3824:137 JLINK_ReadMem (0xE0001FD0, 0x0020 Bytes, ...) -- CPU is running -- CPU_ReadMem(32 bytes @ 0xE0001FD0) - Data: 04 00 00 00 00 00 00 00 00 00 00 00 00 00 00 00 ...  returns 0x00 (0013ms, 87937ms total)
T0EC8 3824:151 JLINK_ReadMemU32(0xE00FF008, 0x0001 Items, ...) -- CPU is running -- CPU_ReadMem(4 bytes @ 0xE00FF008) - Data: 03 30 F0 FF  returns 0x01 (0020ms, 87958ms total)
T0EC8 3824:171 JLINK_ReadMem (0xE0002FF0, 0x0010 Bytes, ...) -- CPU is running -- CPU_ReadMem(16 bytes @ 0xE0002FF0) - Data: 0D 00 00 00 E0 00 00 00 05 00 00 00 B1 00 00 00  returns 0x00 (0002ms, 87960ms total)
T0EC8 3824:173 JLINK_ReadMem (0xE0002FD0, 0x0020 Bytes, ...) -- CPU is running -- CPU_ReadMem(32 bytes @ 0xE0002FD0) - Data: 04 00 00 00 00 00 00 00 00 00 00 00 00 00 00 00 ...  returns 0x00 (0003ms, 87963ms total)
T0EC8 3824:176 JLINK_ReadMemU32(0xE00FF00C, 0x0001 Items, ...) -- CPU is running -- CPU_ReadMem(4 bytes @ 0xE00FF00C) - Data: 03 10 F0 FF  returns 0x01 (0003ms, 87966ms total)
T0EC8 3824:179 JLINK_ReadMem (0xE0000FF0, 0x0010 Bytes, ...) -- CPU is running -- CPU_ReadMem(16 bytes @ 0xE0000FF0) - Data: 0D 00 00 00 E0 00 00 00 05 00 00 00 B1 00 00 00  returns 0x00 (0002ms, 87968ms total)
T0EC8 3824:181 JLINK_ReadMem (0xE0000FD0, 0x0020 Bytes, ...) -- CPU is running -- CPU_ReadMem(32 bytes @ 0xE0000FD0) - Data: 04 00 00 00 00 00 00 00 00 00 00 00 00 00 00 00 ...  returns 0x00 (0003ms, 87971ms total)
T0EC8 3824:184 JLINK_ReadMemU32(0xE00FF010, 0x0001 Items, ...) -- CPU is running -- CPU_ReadMem(4 bytes @ 0xE00FF010) - Data: 03 10 F4 FF  returns 0x01 (0002ms, 87973ms total)
T0EC8 3824:186 JLINK_ReadMem (0xE0040FF0, 0x0010 Bytes, ...) -- CPU is running -- CPU_ReadMem(16 bytes @ 0xE0040FF0) - Data: 0D 00 00 00 90 00 00 00 05 00 00 00 B1 00 00 00  returns 0x00 (0002ms, 87975ms total)
T0EC8 3824:188 JLINK_ReadMem (0xE0040FD0, 0x0020 Bytes, ...) -- CPU is running -- CPU_ReadMem(32 bytes @ 0xE0040FD0) - Data: 04 00 00 00 00 00 00 00 00 00 00 00 00 00 00 00 ...  returns 0x00 (0007ms, 87982ms total)
T0EC8 3824:195 JLINK_ReadMemU32(0xE00FF014, 0x0001 Items, ...) -- CPU is running -- CPU_ReadMem(4 bytes @ 0xE00FF014) - Data: 02 20 F4 FF  returns 0x01 (0002ms, 87984ms total)
T0EC8 3824:197 JLINK_ReadMemU32(0xE00FF018, 0x0001 Items, ...) -- CPU is running -- CPU_ReadMem(4 bytes @ 0xE00FF018) - Data: 00 00 00 00  returns 0x01 (0001ms, 87985ms total)
T0EC8 3824:198 JLINK_ReadMem (0xE0001000, 0x0004 Bytes, ...) -- CPU is running -- CPU_ReadMem(4 bytes @ 0xE0001000) - Data: 01 00 00 40  returns 0x00 (0002ms, 87987ms total)
T0EC8 3824:200 JLINK_ReadMem (0xE0001000, 0x0004 Bytes, ...) -- CPU is running -- CPU_ReadMem(4 bytes @ 0xE0001000) - Data: 01 00 00 40  returns 0x00 (0002ms, 87989ms total)
T0EC8 3824:202 JLINK_ReadMem (0xE0001028, 0x0004 Bytes, ...) -- CPU is running -- CPU_ReadMem(4 bytes @ 0xE0001028) - Data: 00 00 00 00  returns 0x00 (0002ms, 87991ms total)
T0EC8 3824:204 JLINK_WriteMem(0xE0001028, 0x0004 Bytes, ...) - Data: 00 01 00 00 -- CPU is running -- CPU_WriteMem(4 bytes @ 0xE0001028)  returns 0x04 (0001ms, 87992ms total)
T0EC8 3824:205 JLINK_ReadMem (0xE0001028, 0x0004 Bytes, ...) -- CPU is running -- CPU_ReadMem(4 bytes @ 0xE0001028) - Data: 00 00 00 00  returns 0x00 (0002ms, 87994ms total)
T0EC8 3824:207 JLINK_ReadMem (0xE0001038, 0x0004 Bytes, ...) -- CPU is running -- CPU_ReadMem(4 bytes @ 0xE0001038) - Data: 00 02 00 00  returns 0x00 (0002ms, 87996ms total)
T0EC8 3824:209 JLINK_WriteMem(0xE0001038, 0x0004 Bytes, ...) - Data: 00 03 00 00 -- CPU is running -- CPU_WriteMem(4 bytes @ 0xE0001038)  returns 0x04 (0001ms, 87997ms total)
T0EC8 3824:210 JLINK_ReadMem (0xE0001038, 0x0004 Bytes, ...) -- CPU is running -- CPU_ReadMem(4 bytes @ 0xE0001038) - Data: 00 03 00 00  returns 0x00 (0001ms, 87998ms total)
T0EC8 3824:211 JLINK_ReadMem (0xE0001048, 0x0004 Bytes, ...) -- CPU is running -- CPU_ReadMem(4 bytes @ 0xE0001048) - Data: 00 00 00 00  returns 0x00 (0002ms, 88000ms total)
T0EC8 3824:213 JLINK_WriteMem(0xE0001048, 0x0004 Bytes, ...) - Data: 00 01 00 00 -- CPU is running -- CPU_WriteMem(4 bytes @ 0xE0001048)  returns 0x04 (0002ms, 88002ms total)
T0EC8 3824:215 JLINK_ReadMem (0xE0001048, 0x0004 Bytes, ...) -- CPU is running -- CPU_ReadMem(4 bytes @ 0xE0001048) - Data: 00 00 00 00  returns 0x00 (0001ms, 88003ms total)
T0EC8 3824:216 JLINK_ReadMem (0xE0001058, 0x0004 Bytes, ...) -- CPU is running -- CPU_ReadMem(4 bytes @ 0xE0001058) - Data: 00 00 00 00  returns 0x00 (0002ms, 88005ms total)
T0EC8 3824:218 JLINK_WriteMem(0xE0001058, 0x0004 Bytes, ...) - Data: 00 01 00 00 -- CPU is running -- CPU_WriteMem(4 bytes @ 0xE0001058)  returns 0x04 (0002ms, 88007ms total)
T0EC8 3824:220 JLINK_ReadMem (0xE0001058, 0x0004 Bytes, ...) -- CPU is running -- CPU_ReadMem(4 bytes @ 0xE0001058) - Data: 00 00 00 00  returns 0x00 (0001ms, 88008ms total)
T0EC8 3824:221 JLINK_ReadMem (0xE0001024, 0x0004 Bytes, ...) -- CPU is running -- CPU_ReadMem(4 bytes @ 0xE0001024) - Data: 00 00 00 00  returns 0x00 (0002ms, 88010ms total)
T0EC8 3824:223 JLINK_WriteMem(0xE0001024, 0x0004 Bytes, ...) - Data: 1F 00 00 00 -- CPU is running -- CPU_WriteMem(4 bytes @ 0xE0001024)  returns 0x04 (0001ms, 88011ms total)
T0EC8 3824:224 JLINK_ReadMem (0xE0001024, 0x0004 Bytes, ...) -- CPU is running -- CPU_ReadMem(4 bytes @ 0xE0001024) - Data: 0F 00 00 00  returns 0x00 (0046ms, 88057ms total)
T0EC8 3824:270 JLINK_ReadMem (0xE0001034, 0x0004 Bytes, ...) -- CPU is running -- CPU_ReadMem(4 bytes @ 0xE0001034) - Data: 00 00 00 00  returns 0x00 (0016ms, 88073ms total)
T0EC8 3824:287 JLINK_WriteMem(0xE0001034, 0x0004 Bytes, ...) - Data: 1F 00 00 00 -- CPU is running -- CPU_WriteMem(4 bytes @ 0xE0001034)  returns 0x04 (0012ms, 88085ms total)
T0EC8 3824:299 JLINK_ReadMem (0xE0001034, 0x0004 Bytes, ...) -- CPU is running -- CPU_ReadMem(4 bytes @ 0xE0001034) - Data: 0F 00 00 00  returns 0x00 (0002ms, 88087ms total)
T0EC8 3824:301 JLINK_ReadMem (0xE0001044, 0x0004 Bytes, ...) -- CPU is running -- CPU_ReadMem(4 bytes @ 0xE0001044) - Data: 00 00 00 00  returns 0x00 (0002ms, 88089ms total)
T0EC8 3824:303 JLINK_WriteMem(0xE0001044, 0x0004 Bytes, ...) - Data: 1F 00 00 00 -- CPU is running -- CPU_WriteMem(4 bytes @ 0xE0001044)  returns 0x04 (0002ms, 88091ms total)
T0EC8 3824:305 JLINK_ReadMem (0xE0001044, 0x0004 Bytes, ...) -- CPU is running -- CPU_ReadMem(4 bytes @ 0xE0001044) - Data: 0F 00 00 00  returns 0x00 (0001ms, 88092ms total)
T0EC8 3824:306 JLINK_ReadMem (0xE0001054, 0x0004 Bytes, ...) -- CPU is running -- CPU_ReadMem(4 bytes @ 0xE0001054) - Data: 00 00 00 00  returns 0x00 (0002ms, 88094ms total)
T0EC8 3824:308 JLINK_WriteMem(0xE0001054, 0x0004 Bytes, ...) - Data: 1F 00 00 00 -- CPU is running -- CPU_WriteMem(4 bytes @ 0xE0001054)  returns 0x04 (0002ms, 88096ms total)
T0EC8 3824:310 JLINK_ReadMem (0xE0001054, 0x0004 Bytes, ...) -- CPU is running -- CPU_ReadMem(4 bytes @ 0xE0001054) - Data: 0F 00 00 00  returns 0x00 (0001ms, 88097ms total)
T0EC8 3824:311 JLINK_ReadMem (0xE0001028, 0x0004 Bytes, ...) -- CPU is running -- CPU_ReadMem(4 bytes @ 0xE0001028) - Data: 00 00 00 00  returns 0x00 (0002ms, 88099ms total)
T0EC8 3824:313 JLINK_ReadMem (0xE0001038, 0x0004 Bytes, ...) -- CPU is running -- CPU_ReadMem(4 bytes @ 0xE0001038) - Data: 00 03 00 00  returns 0x00 (0001ms, 88100ms total)
T0EC8 3824:314 JLINK_ReadMem (0xE0001048, 0x0004 Bytes, ...) -- CPU is running -- CPU_ReadMem(4 bytes @ 0xE0001048) - Data: 00 00 00 00  returns 0x00 (0002ms, 88102ms total)
T0EC8 3824:316 JLINK_ReadMem (0xE0001058, 0x0004 Bytes, ...) -- CPU is running -- CPU_ReadMem(4 bytes @ 0xE0001058) - Data: 00 00 00 00  returns 0x00 (0001ms, 88103ms total)
T0EC8 3824:317 JLINK_WriteMem(0xE0001020, 0x0004 Bytes, ...) - Data: 00 00 00 00 -- CPU is running -- CPU_WriteMem(4 bytes @ 0xE0001020)  returns 0x04 (0001ms, 88104ms total)
T0EC8 3824:318 JLINK_WriteMem(0xE0001024, 0x0004 Bytes, ...) - Data: 00 00 00 00 -- CPU is running -- CPU_WriteMem(4 bytes @ 0xE0001024)  returns 0x04 (0002ms, 88106ms total)
T0EC8 3824:320 JLINK_WriteMem(0xE0001028, 0x0004 Bytes, ...) - Data: 00 00 00 00 -- CPU is running -- CPU_WriteMem(4 bytes @ 0xE0001028)  returns 0x04 (0002ms, 88108ms total)
T0EC8 3824:322 JLINK_WriteMem(0xE0001030, 0x0004 Bytes, ...) - Data: 00 00 00 00 -- CPU is running -- CPU_WriteMem(4 bytes @ 0xE0001030)  returns 0x04 (0002ms, 88110ms total)
T0EC8 3824:324 JLINK_WriteMem(0xE0001034, 0x0004 Bytes, ...) - Data: 00 00 00 00 -- CPU is running -- CPU_WriteMem(4 bytes @ 0xE0001034)  returns 0x04 (0001ms, 88111ms total)
T0EC8 3824:325 JLINK_WriteMem(0xE0001038, 0x0004 Bytes, ...) - Data: 00 00 00 00 -- CPU is running -- CPU_WriteMem(4 bytes @ 0xE0001038)  returns 0x04 (0001ms, 88112ms total)
T0EC8 3824:326 JLINK_WriteMem(0xE0001040, 0x0004 Bytes, ...) - Data: 00 00 00 00 -- CPU is running -- CPU_WriteMem(4 bytes @ 0xE0001040)  returns 0x04 (0002ms, 88114ms total)
T0EC8 3824:328 JLINK_WriteMem(0xE0001044, 0x0004 Bytes, ...) - Data: 00 00 00 00 -- CPU is running -- CPU_WriteMem(4 bytes @ 0xE0001044)  returns 0x04 (0001ms, 88115ms total)
T0EC8 3824:329 JLINK_WriteMem(0xE0001048, 0x0004 Bytes, ...) - Data: 00 00 00 00 -- CPU is running -- CPU_WriteMem(4 bytes @ 0xE0001048)  returns 0x04 (0002ms, 88117ms total)
T0EC8 3824:331 JLINK_WriteMem(0xE0001050, 0x0004 Bytes, ...) - Data: 00 00 00 00 -- CPU is running -- CPU_WriteMem(4 bytes @ 0xE0001050)  returns 0x04 (0002ms, 88119ms total)
T0EC8 3824:333 JLINK_WriteMem(0xE0001054, 0x0004 Bytes, ...) - Data: 00 00 00 00 -- CPU is running -- CPU_WriteMem(4 bytes @ 0xE0001054)  returns 0x04 (0001ms, 88120ms total)
T0EC8 3824:334 JLINK_WriteMem(0xE0001058, 0x0004 Bytes, ...) - Data: 00 00 00 00 -- CPU is running -- CPU_WriteMem(4 bytes @ 0xE0001058)  returns 0x04 (0001ms, 88121ms total)
T0EC8 3824:335 JLINK_Halt()  returns 0x00 (0009ms, 88130ms total)
T0EC8 3824:345 JLINK_WriteMem(0x400E0A04, 0x0004 Bytes, ...) - Data: 0B 01 00 5A -- CPU_WriteMem(4 bytes @ 0x400E0A04)  returns 0x04 (0001ms, 88131ms total)
T0EC8 3824:346 JLINK_ReadMem (0x400E0A08, 0x0004 Bytes, ...) -- CPU_ReadMem(4 bytes @ 0x400E0A08) - Data: 01 00 00 00  returns 0x00 (0002ms, 88133ms total)
T0EC8 3824:348 JLINK_WriteMem(0x400E0A04, 0x0004 Bytes, ...) - Data: 0C 02 00 5A -- CPU_WriteMem(4 bytes @ 0x400E0A04)  returns 0x04 (0001ms, 88134ms total)
T0EC8 3824:349 JLINK_ReadMem (0x400E0A08, 0x0004 Bytes, ...) -- CPU_ReadMem(4 bytes @ 0x400E0A08) - Data: 01 00 00 00  returns 0x00 (0002ms, 88136ms total)
T0EC8 3824:351 JLINK_Reset() -- CPU_ReadMem(16 bytes @ 0x20000000) -- CPU_WriteMem(16 bytes @ 0x20000000) -- CPU_ReadMem(4 bytes @ 0xE000EDFC) -- CPU_WriteMem(4 bytes @ 0xE000EDFC) -- CPU_ReadMem(4 bytes @ 0xE0001000) -- CPU_WriteMem(4 bytes @ 0xE000EDFC) -- CPU_WriteMem(16 bytes @ 0x20000000) -- CPU_WriteMem(4 bytes @ 0xE0002000) -- CPU_ReadMem(4 bytes @ 0xE000EDFC) -- CPU_ReadMem(4 bytes @ 0xE0001000) (0054ms, 88190ms total)
T0EC8 3824:406 JLINK_JTAG_GetDeviceID(DeviceIndex = 0)  returns 0x4BA00477 (0000ms, 88190ms total)
T0EC8 3824:406 JLINK_ReadMemU32(0x400E0740, 0x0001 Items, ...) -- CPU_ReadMem(4 bytes @ 0x400E0740) - Data: E0 0E A7 29  returns 0x01 (0002ms, 88192ms total)
T0EC8 3824:408 JLINK_ReadMemU32(0x400E0744, 0x0001 Items, ...) -- CPU_ReadMem(4 bytes @ 0x400E0744) - Data: 00 00 00 00  returns 0x01 (0001ms, 88193ms total)
T0EC8 3824:410 JLINK_WriteMem(0x400E0A04, 0x0004 Bytes, ...) - Data: 05 00 00 5A -- CPU_WriteMem(4 bytes @ 0x400E0A04)  returns 0x04 (0001ms, 88194ms total)
T0EC8 3824:411 JLINK_WriteMem(0x400E0C04, 0x0004 Bytes, ...) - Data: 05 00 00 5A -- CPU_WriteMem(4 bytes @ 0x400E0C04)  returns 0x04 (0001ms, 88195ms total)
T0EC8 3824:412 JLINK_ReadMem (0x400E0A08, 0x0004 Bytes, ...) -- CPU_ReadMem(4 bytes @ 0x400E0A08) - Data: 00 00 00 00  returns 0x00 (0001ms, 88196ms total)
T0EC8 3824:415 JLINK_ReadMem (0x400E0A08, 0x0004 Bytes, ...) -- CPU_ReadMem(4 bytes @ 0x400E0A08) - Data: 00 00 00 00  returns 0x00 (0001ms, 88197ms total)
T1F8C 3824:417 JLINK_IsHalted()  returns TRUE (0000ms, 88197ms total)
T1F8C 3824:417 JLINK_GetMOEs(...) -- CPU_ReadMem(4 bytes @ 0xE000ED30) -- CPU_WriteMem(4 bytes @ 0xE000ED30)  returns 0x01 (0003ms, 88200ms total)
T1F8C 3824:420 JLINK_ReadReg(R15 (PC))  returns 0x00400FE8 (0000ms, 88200ms total)
T0EC8 3824:421 JLINK_ReadMem (0x400E0A08, 0x0004 Bytes, ...) -- CPU_ReadMem(4 bytes @ 0x400E0A08) - Data: 00 00 00 00  returns 0x00 (0001ms, 88201ms total)
T0EC8 3824:439 JLINK_ReadMem (0x400E0A08, 0x0004 Bytes, ...) -- CPU_ReadMem(4 bytes @ 0x400E0A08) - Data: 00 00 00 00  returns 0x00 (0002ms, 88203ms total)
T0EC8 3824:506 JLINK_ReadMem (0x400E0A08, 0x0004 Bytes, ...) -- CPU_ReadMem(4 bytes @ 0x400E0A08) - Data: 00 00 00 00  returns 0x00 (0002ms, 88205ms total)
T1F8C 3824:622 JLINK_IsHalted()  returns TRUE (0000ms, 88205ms total)
T0EC8 3824:765 JLINK_ReadMem (0x400E0A08, 0x0004 Bytes, ...) -- CPU_ReadMem(4 bytes @ 0x400E0A08) - Data: 00 00 00 00  returns 0x00 (0002ms, 88207ms total)
T1F8C 3824:822 JLINK_IsHalted()  returns TRUE (0000ms, 88207ms total)
T1F8C 3825:022 JLINK_IsHalted()  returns TRUE (0001ms, 88208ms total)
T1F8C 3825:223 JLINK_IsHalted()  returns TRUE (0001ms, 88208ms total)
T1F8C 3825:426 JLINK_IsHalted()  returns TRUE (0000ms, 88207ms total)
T1F8C 3825:627 JLINK_IsHalted()  returns TRUE (0000ms, 88207ms total)
T0EC8 3825:767 JLINK_ReadMem (0x400E0A08, 0x0004 Bytes, ...) -- CPU_ReadMem(4 bytes @ 0x400E0A08) - Data: 00 00 00 00  returns 0x00 (0001ms, 88208ms total)
T0EC8 3825:768 JLINK_ReadMem (0x400E0C08, 0x0004 Bytes, ...) -- CPU_ReadMem(4 bytes @ 0x400E0C08) - Data: 00 00 00 00  returns 0x00 (0002ms, 88210ms total)
T0EC8 3825:772 JLINK_ReadMem (0x400E0C08, 0x0004 Bytes, ...) -- CPU_ReadMem(4 bytes @ 0x400E0C08) - Data: 00 00 00 00  returns 0x00 (0000ms, 88210ms total)
T0EC8 3825:777 JLINK_ReadMem (0x400E0C08, 0x0004 Bytes, ...) -- CPU_ReadMem(4 bytes @ 0x400E0C08) - Data: 00 00 00 00  returns 0x00 (0001ms, 88211ms total)
T0EC8 3825:796 JLINK_ReadMem (0x400E0C08, 0x0004 Bytes, ...) -- CPU_ReadMem(4 bytes @ 0x400E0C08) - Data: 00 00 00 00  returns 0x00 (0000ms, 88211ms total)
T1F8C 3825:828 JLINK_IsHalted()  returns TRUE (0000ms, 88211ms total)
T0EC8 3825:861 JLINK_ReadMem (0x400E0C08, 0x0004 Bytes, ...) -- CPU_ReadMem(4 bytes @ 0x400E0C08) - Data: 00 00 00 00  returns 0x00 (0000ms, 88211ms total)
T1F8C 3826:028 JLINK_IsHalted()  returns TRUE (0000ms, 88211ms total)
T0EC8 3826:118 JLINK_ReadMem (0x400E0C08, 0x0004 Bytes, ...) -- CPU_ReadMem(4 bytes @ 0x400E0C08) - Data: 00 00 00 00  returns 0x00 (0000ms, 88211ms total)
T1F8C 3826:229 JLINK_IsHalted()  returns TRUE (0000ms, 88211ms total)
T1F8C 3826:430 JLINK_IsHalted()  returns TRUE (0000ms, 88211ms total)
T1F8C 3826:632 JLINK_IsHalted()  returns TRUE (0000ms, 88211ms total)
T1F8C 3826:832 JLINK_IsHalted()  returns TRUE (0007ms, 88218ms total)
T1F8C 3827:044 JLINK_IsHalted()  returns TRUE (0000ms, 88211ms total)
T0EC8 3827:119 JLINK_ReadMem (0x400E0C08, 0x0004 Bytes, ...) -- CPU_ReadMem(4 bytes @ 0x400E0C08) - Data: 00 00 00 00  returns 0x00 (0001ms, 88212ms total)
T0EC8 3827:120 JLINK_ReadMem (0x400E0A08, 0x0004 Bytes, ...) -- CPU_ReadMem(4 bytes @ 0x400E0A08) - Data: 00 00 00 00  returns 0x00 (0002ms, 88214ms total)
T0EC8 3827:123 JLINK_ReadMem (0x400E0A08, 0x0004 Bytes, ...) -- CPU_ReadMem(4 bytes @ 0x400E0A08) - Data: 00 00 00 00  returns 0x00 (0002ms, 88216ms total)
T0EC8 3827:130 JLINK_ReadMem (0x400E0A08, 0x0004 Bytes, ...) -- CPU_ReadMem(4 bytes @ 0x400E0A08) - Data: 00 00 00 00  returns 0x00 (0001ms, 88217ms total)
T0EC8 3827:148 JLINK_ReadMem (0x400E0A08, 0x0004 Bytes, ...) -- CPU_ReadMem(4 bytes @ 0x400E0A08) - Data: 00 00 00 00  returns 0x00 (0001ms, 88218ms total)
T0EC8 3827:213 JLINK_ReadMem (0x400E0A08, 0x0004 Bytes, ...) -- CPU_ReadMem(4 bytes @ 0x400E0A08) - Data: 00 00 00 00  returns 0x00 (0001ms, 88219ms total)
T1F8C 3827:244 JLINK_IsHalted()  returns TRUE (0000ms, 88219ms total)
T1F8C 3827:445 JLINK_IsHalted()  returns TRUE (0001ms, 88220ms total)
T0EC8 3827:470 JLINK_ReadMem (0x400E0A08, 0x0004 Bytes, ...) -- CPU_ReadMem(4 bytes @ 0x400E0A08) - Data: 00 00 00 00  returns 0x00 (0001ms, 88220ms total)
T1F8C 3827:646 JLINK_IsHalted()  returns TRUE (0000ms, 88220ms total)
T1F8C 3827:846 JLINK_IsHalted()  returns TRUE (0000ms, 88220ms total)
T1F8C 3828:046 JLINK_IsHalted()  returns TRUE (0001ms, 88221ms total)
T1F8C 3828:247 JLINK_IsHalted()  returns TRUE (0001ms, 88221ms total)
T1F8C 3828:448 JLINK_IsHalted()  returns TRUE (0000ms, 88220ms total)
T0EC8 3828:471 JLINK_ReadMem (0x400E0A08, 0x0004 Bytes, ...) -- CPU_ReadMem(4 bytes @ 0x400E0A08) - Data: 00 00 00 00  returns 0x00 (0001ms, 88221ms total)
T0EC8 3828:472 JLINK_ReadMem (0x400E0C08, 0x0004 Bytes, ...) -- CPU_ReadMem(4 bytes @ 0x400E0C08) - Data: 00 00 00 00  returns 0x00 (0001ms, 88222ms total)
T0EC8 3828:475 JLINK_ReadMem (0x400E0C08, 0x0004 Bytes, ...) -- CPU_ReadMem(4 bytes @ 0x400E0C08) - Data: 00 00 00 00  returns 0x00 (0001ms, 88223ms total)
T0EC8 3828:481 JLINK_ReadMem (0x400E0C08, 0x0004 Bytes, ...) -- CPU_ReadMem(4 bytes @ 0x400E0C08) - Data: 00 00 00 00  returns 0x00 (0001ms, 88224ms total)
T0EC8 3828:499 JLINK_ReadMem (0x400E0C08, 0x0004 Bytes, ...) -- CPU_ReadMem(4 bytes @ 0x400E0C08) - Data: 00 00 00 00  returns 0x00 (0001ms, 88225ms total)
T0EC8 3828:564 JLINK_ReadMem (0x400E0C08, 0x0004 Bytes, ...) -- CPU_ReadMem(4 bytes @ 0x400E0C08) - Data: 00 00 00 00  returns 0x00 (0001ms, 88226ms total)
T1F8C 3828:648 JLINK_IsHalted()  returns TRUE (0001ms, 88227ms total)
T0EC8 3828:821 JLINK_ReadMem (0x400E0C08, 0x0004 Bytes, ...) -- CPU_ReadMem(4 bytes @ 0x400E0C08) - Data: 00 00 00 00  returns 0x00 (0001ms, 88227ms total)
T1F8C 3828:849 JLINK_IsHalted()  returns TRUE (0000ms, 88227ms total)
T1F8C 3829:050 JLINK_IsHalted()  returns TRUE (0000ms, 88227ms total)
T1F8C 3829:250 JLINK_IsHalted()  returns TRUE (0002ms, 88229ms total)
T1F8C 3829:452 JLINK_IsHalted()  returns TRUE (0000ms, 88227ms total)
T1F8C 3829:652 JLINK_IsHalted()  returns TRUE (0000ms, 88227ms total)
T0EC8 3829:822 JLINK_ReadMem (0x400E0C08, 0x0004 Bytes, ...) -- CPU_ReadMem(4 bytes @ 0x400E0C08) - Data: 01 00 00 00  returns 0x00 (0001ms, 88228ms total)
T0EC8 3829:823 JLINK_ReadMem (0x400E0A08, 0x0004 Bytes, ...) -- CPU_ReadMem(4 bytes @ 0x400E0A08) - Data: 01 00 00 00  returns 0x00 (0001ms, 88229ms total)
T1F8C 3829:852 JLINK_IsHalted()  returns TRUE (0002ms, 88231ms total)
T0EC8 3829:855 JLINK_ResetPullsRESET(ON) (0000ms, 88229ms total)
T0EC8 3829:855 JLINK_ResetNoHalt() >0x2F8 JTAG>TotalIRLen = 4, IRPrint = 0x01 >0x30 JTAG> >0x210 JTAG> >0x70 JTAG> >0x40 JTAG> >0x40 JTAG> >0x40 JTAG> >0x48 JTAG> >0x78 JTAG> >0x40 JTAG> >0x30 JTAG> >0x40 JTAG> >0x40 JTAG> >0x30 JTAG> >0x40 JTAG> >0x48 JTAG>Found Cortex-M4 r0p1, Little endian. -- CPU_WriteMem(4 bytes @ 0xE0002000) -- CPU_ReadMem(4 bytes @ 0xE000EDF0) -- CPU_ReadMem(4 bytes @ 0xE0002000)FPUnit: 6 code (BP) slots and 2 literal slots -- CPU_ReadMem(4 bytes @ 0xE000EDFC)
 -- CPU_ReadMem(4 bytes @ 0xE0001000) -- CPU_ReadMem(4 bytes @ 0xE000ED88) -- CPU_WriteMem(4 bytes @ 0xE000ED88) -- CPU_ReadMem(4 bytes @ 0xE000ED88) -- CPU_WriteMem(4 bytes @ 0xE000ED88)CoreSight components:ROMTbl 0 @ E00FF000 -- CPU_ReadMem(16 bytes @ 0xE00FF000) -- CPU_ReadMem(16 bytes @ 0xE000EFF0) -- CPU_ReadMem(16 bytes @ 0xE000EFE0)ROMTbl 0 [0]: FFF0F000, CID: B105E00D, PID: 000BB000 SCS -- CPU_WriteMem(4 bytes @ 0xE0001000) -- CPU_ReadMem(16 bytes @ 0xE0001FF0)
 -- CPU_ReadMem(16 bytes @ 0xE0001FE0)ROMTbl 0 [1]: FFF02000, CID: B105E00D, PID: 003BB002 DWT -- CPU_ReadMem(16 bytes @ 0xE0002FF0) -- CPU_ReadMem(16 bytes @ 0xE0002FE0)ROMTbl 0 [2]: FFF03000, CID: B105E00D, PID: 002BB003 FPB -- CPU_ReadMem(16 bytes @ 0xE0000FF0) -- CPU_ReadMem(16 bytes @ 0xE0000FE0)ROMTbl 0 [3]: FFF01000, CID: B105E00D, PID: 003BB001 ITM -- CPU_ReadMem(16 bytes @ 0xE00FF010) -- CPU_ReadMem(16 bytes @ 0xE0040FF0) -- CPU_ReadMem(16 bytes @ 0xE0040FE0)
ROMTbl 0 [4]: FFF41000, CID: B105900D, PID: 000BB9A1 TPIU
                JLINK_Reset() -- CPU_ReadMem(16 bytes @ 0x20000000) -- CPU_WriteMem(16 bytes @ 0x20000000) -- CPU_ReadMem(4 bytes @ 0xE000EDFC) -- CPU_WriteMem(4 bytes @ 0xE000EDFC) -- CPU_ReadMem(4 bytes @ 0xE0001000) -- CPU_WriteMem(4 bytes @ 0xE0001004) -- CPU_WriteMem(4 bytes @ 0xE000EDFC) -- CPU_WriteMem(16 bytes @ 0x20000000) -- CPU_WriteMem(4 bytes @ 0xE0002000) -- CPU_ReadMem(4 bytes @ 0xE000EDFC) -- CPU_ReadMem(4 bytes @ 0xE0001000) (0045ms, 0045ms total)
                JLINK_Go() -- CPU_ReadMem(4 bytes @ 0xE0001000) -- CPU_WriteMem(4 bytes @ 0xE0001004) (0003ms, 0048ms total)
               (0107ms, 88336ms total)
T0EC8 3829:963 JLINK_ExecCommand("ProjectFile = C:\Users\Lucas\Documents\GitHub\Entregas\15-DAC\LCD-Desenhos\jlink.config", ...)  returns 0x00 (0000ms, 88336ms total)
T0EC8 3829:986 JLINK_ExecCommand("Device = AT91SAM4SD32C", ...)Device "ATSAM4SD32C" selected.  returns 0x00 (0001ms, 88337ms total)
T0EC8 3829:987 JLINK_TIF_Select(JLINKARM_TIF_JTAG)  returns 0x00 (0000ms, 88337ms total)
T0EC8 3829:987 JLINK_GetIdData(...) ScanLen=4 NumDevices=1 aId[0]=0x4BA00477 aIrRead[0]=0 aScanLen[0]=0 aScanRead[0]=0 (0000ms, 88337ms total)
T0EC8 3829:987 JLINK_ConfigJTAG(IRPre = 0, DRPre = 0) (0001ms, 88338ms total)
T0EC8 3829:988 JLINK_SetSpeed(4000) (0000ms, 88338ms total)
T0EC8 3829:988 JLINK_ResetPullsRESET(OFF) (0000ms, 88338ms total)
T0EC8 3829:988 JLINK_Connect() >0x2F8 JTAG>TotalIRLen = 4, IRPrint = 0x01 >0x30 JTAG> >0x210 JTAG> >0x70 JTAG> >0x40 JTAG> >0x40 JTAG> >0x40 JTAG> >0x48 JTAG> >0x78 JTAG> >0x40 JTAG> >0x30 JTAG> >0x40 JTAG> >0x40 JTAG> >0x30 JTAG> >0x40 JTAG> >0x48 JTAG>Found Cortex-M4 r0p1, Little endian. -- CPU_WriteMem(4 bytes @ 0xE0002000) -- CPU_ReadMem(4 bytes @ 0xE000EDF0) -- CPU_ReadMem(4 bytes @ 0xE0002000)FPUnit: 6 code (BP) slots and 2 literal slots -- CPU_ReadMem(4 bytes @ 0xE000EDFC)
 -- CPU_ReadMem(4 bytes @ 0xE0001000) -- CPU_WriteMem(4 bytes @ 0xE0001000) -- CPU_ReadMem(4 bytes @ 0xE000ED88) -- CPU_WriteMem(4 bytes @ 0xE000ED88) -- CPU_ReadMem(4 bytes @ 0xE000ED88) -- CPU_WriteMem(4 bytes @ 0xE000ED88)CoreSight components:ROMTbl 0 @ E00FF000 -- CPU_ReadMem(16 bytes @ 0xE00FF000) -- CPU_ReadMem(16 bytes @ 0xE000EFF0) -- CPU_ReadMem(16 bytes @ 0xE000EFE0)ROMTbl 0 [0]: FFF0F000, CID: B105E00D, PID: 000BB000 SCS -- CPU_ReadMem(16 bytes @ 0xE0001FF0)
 -- CPU_ReadMem(16 bytes @ 0xE0001FE0)ROMTbl 0 [1]: FFF02000, CID: B105E00D, PID: 003BB002 DWT -- CPU_ReadMem(16 bytes @ 0xE0002FF0) -- CPU_ReadMem(16 bytes @ 0xE0002FE0)ROMTbl 0 [2]: FFF03000, CID: B105E00D, PID: 002BB003 FPB -- CPU_ReadMem(16 bytes @ 0xE0000FF0) -- CPU_ReadMem(16 bytes @ 0xE0000FE0)ROMTbl 0 [3]: FFF01000, CID: B105E00D, PID: 003BB001 ITM -- CPU_ReadMem(16 bytes @ 0xE00FF010) -- CPU_ReadMem(16 bytes @ 0xE0040FF0) -- CPU_ReadMem(16 bytes @ 0xE0040FE0)
ROMTbl 0 [4]: FFF41000, CID: B105900D, PID: 000BB9A1 TPIU  returns 0x00 (0033ms, 88371ms total)
T0EC8 3830:021 JLINK_WriteMem(0xE0001020, 0x0004 Bytes, ...) - Data: 00 00 00 00 -- CPU is running -- CPU_WriteMem(4 bytes @ 0xE0001020)  returns 0x04 (0001ms, 88372ms total)
T0EC8 3830:022 JLINK_WriteMem(0xE0001024, 0x0004 Bytes, ...) - Data: 00 00 00 00 -- CPU is running -- CPU_WriteMem(4 bytes @ 0xE0001024)  returns 0x04 (0001ms, 88373ms total)
T0EC8 3830:023 JLINK_WriteMem(0xE0001028, 0x0004 Bytes, ...) - Data: 00 00 00 00 -- CPU is running -- CPU_WriteMem(4 bytes @ 0xE0001028)  returns 0x04 (0001ms, 88374ms total)
T0EC8 3830:024 JLINK_WriteMem(0xE0001030, 0x0004 Bytes, ...) - Data: 00 00 00 00 -- CPU is running -- CPU_WriteMem(4 bytes @ 0xE0001030)  returns 0x04 (0000ms, 88374ms total)
T0EC8 3830:024 JLINK_WriteMem(0xE0001034, 0x0004 Bytes, ...) - Data: 00 00 00 00 -- CPU is running -- CPU_WriteMem(4 bytes @ 0xE0001034)  returns 0x04 (0001ms, 88375ms total)
T0EC8 3830:025 JLINK_WriteMem(0xE0001038, 0x0004 Bytes, ...) - Data: 00 00 00 00 -- CPU is running -- CPU_WriteMem(4 bytes @ 0xE0001038)  returns 0x04 (0001ms, 88376ms total)
T0EC8 3830:026 JLINK_WriteMem(0xE0001040, 0x0004 Bytes, ...) - Data: 00 00 00 00 -- CPU is running -- CPU_WriteMem(4 bytes @ 0xE0001040)  returns 0x04 (0001ms, 88377ms total)
T0EC8 3830:027 JLINK_WriteMem(0xE0001044, 0x0004 Bytes, ...) - Data: 00 00 00 00 -- CPU is running -- CPU_WriteMem(4 bytes @ 0xE0001044)  returns 0x04 (0001ms, 88378ms total)
T0EC8 3830:028 JLINK_WriteMem(0xE0001048, 0x0004 Bytes, ...) - Data: 00 00 00 00 -- CPU is running -- CPU_WriteMem(4 bytes @ 0xE0001048)  returns 0x04 (0000ms, 88378ms total)
T0EC8 3830:028 JLINK_WriteMem(0xE0001050, 0x0004 Bytes, ...) - Data: 00 00 00 00 -- CPU is running -- CPU_WriteMem(4 bytes @ 0xE0001050)  returns 0x04 (0001ms, 88379ms total)
T0EC8 3830:029 JLINK_WriteMem(0xE0001054, 0x0004 Bytes, ...) - Data: 00 00 00 00 -- CPU is running -- CPU_WriteMem(4 bytes @ 0xE0001054)  returns 0x04 (0001ms, 88380ms total)
T0EC8 3830:030 JLINK_WriteMem(0xE0001058, 0x0004 Bytes, ...) - Data: 00 00 00 00 -- CPU is running -- CPU_WriteMem(4 bytes @ 0xE0001058)  returns 0x04 (0001ms, 88381ms total)
T0EC8 3830:031 JLINK_Halt()  returns 0x00 (0004ms, 88385ms total)
T0EC8 3830:035 JLINK_WriteMem(0x400E0A04, 0x0004 Bytes, ...) - Data: 0B 01 00 5A -- CPU_WriteMem(4 bytes @ 0x400E0A04)  returns 0x04 (0001ms, 88386ms total)
T0EC8 3830:036 JLINK_ReadMem (0x400E0A08, 0x0004 Bytes, ...) -- CPU_ReadMem(4 bytes @ 0x400E0A08) - Data: 01 00 00 00  returns 0x00 (0001ms, 88387ms total)
T0EC8 3830:037 JLINK_WriteMem(0x400E0A04, 0x0004 Bytes, ...) - Data: 0C 02 00 5A -- CPU_WriteMem(4 bytes @ 0x400E0A04)  returns 0x04 (0000ms, 88387ms total)
T0EC8 3830:037 JLINK_ReadMem (0x400E0A08, 0x0004 Bytes, ...) -- CPU_ReadMem(4 bytes @ 0x400E0A08) - Data: 01 00 00 00  returns 0x00 (0001ms, 88388ms total)
T0EC8 3830:038 JLINK_Reset() -- CPU_ReadMem(16 bytes @ 0x20000000) -- CPU_WriteMem(16 bytes @ 0x20000000) -- CPU_ReadMem(4 bytes @ 0xE000EDFC) -- CPU_WriteMem(4 bytes @ 0xE000EDFC) -- CPU_ReadMem(4 bytes @ 0xE0001000) -- CPU_WriteMem(4 bytes @ 0xE000EDFC) -- CPU_WriteMem(16 bytes @ 0x20000000) -- CPU_WriteMem(4 bytes @ 0xE0002000) -- CPU_ReadMem(4 bytes @ 0xE000EDFC) -- CPU_ReadMem(4 bytes @ 0xE0001000) (0028ms, 88416ms total)
T0EC8 3830:069 JLINK_JTAG_GetDeviceID(DeviceIndex = 0)  returns 0x4BA00477 (0000ms, 88416ms total)
T0EC8 3830:069 JLINK_ReadMemU32(0x400E0740, 0x0001 Items, ...) -- CPU_ReadMem(4 bytes @ 0x400E0740) - Data: E0 0E A7 29  returns 0x01 (0001ms, 88417ms total)
T0EC8 3830:070 JLINK_ReadMemU32(0x400E0744, 0x0001 Items, ...) -- CPU_ReadMem(4 bytes @ 0x400E0744) - Data: 00 00 00 00  returns 0x01 (0000ms, 88417ms total)
T0EC8 3830:073 JLINK_BeginDownload(Flags = 0x00) (0000ms, 88417ms total)
T0EC8 3830:073 JLINK_WriteMem(0x00400000, 0x4000 Bytes, ...) - Data: A0 38 00 20 E9 0F 40 00 E5 0F 40 00 E5 0F 40 00 ...  returns 0x4000 (0000ms, 88417ms total)
T0EC8 3830:073 JLINK_WriteMem(0x00404000, 0x14C60 Bytes, ...) - Data: FF FF FF 00 FF FF FF 00 FF FF FF 00 FF FF FF 00 ...  returns 0x14C60 (0000ms, 88417ms total)
T0EC8 3830:074 JLINK_WriteMem(0x00418C60, 0x0438 Bytes, ...) - Data: F0 00 00 00 40 01 00 00 00 09 3D 00 FF 0F 00 00 ...  returns 0x438 (0000ms, 88417ms total)
T1ED4 3830:079 JLINK_IsHalted()  returns TRUE (0000ms, 88417ms total)
T1ED4 3830:079 JLINK_GetMOEs(...) -- CPU_ReadMem(4 bytes @ 0xE000ED30) -- CPU_WriteMem(4 bytes @ 0xE000ED30)  returns 0x01 (0001ms, 88418ms total)
T1ED4 3830:080 JLINK_ReadReg(R15 (PC)) -- -------------------------------------- -- Start of determining dirty areas in flash cache -- End of determining dirty areas -- Start of preparing flash programming -- Calculating RAM usage -- RAM usage = 5956 Bytes -- Preserving registers -- Preparing memory -- Determining CPU clock frequency -- CPU clock frequency: 4252 kHz -- CPU frequency = 4252 kHz -- Preparing target -- Downloading RAMCode -- Using alternate TurboMode RAMCode -- Checking target RAM
 -- Preparing RAMCode -- End of preparing flash programmingCPU is running at low speed (4252 kHz). -- CPU is running at 4252 kHz. -- Start of comparing flash -- Read back was estimated as fastest method -- Comparing range 0x400000 - 0x403FFF (32 Sectors, 16 KB), using multi-block CRC calculation -- CPU is running -- CPU_ReadMem(512 bytes @ 0x00400000) -- CPU is running -- CPU_ReadMem(512 bytes @ 0x00400200) -- CPU is running -- CPU_ReadMem(512 bytes @ 0x00400400) -- CPU is running
 -- CPU_ReadMem(512 bytes @ 0x00400600) -- CPU is running -- CPU_ReadMem(512 bytes @ 0x00400800) -- CPU is running -- CPU_ReadMem(512 bytes @ 0x00400A00) -- CPU is running -- CPU_ReadMem(512 bytes @ 0x00400C00) -- CPU is running -- CPU_ReadMem(512 bytes @ 0x00400E00) -- CPU is running -- CPU_ReadMem(512 bytes @ 0x00401000) -- CPU is running -- CPU_ReadMem(512 bytes @ 0x00401200) -- CPU is running -- CPU_ReadMem(512 bytes @ 0x00401400) -- CPU is running -- CPU_ReadMem(512 bytes @ 0x00401600)
 -- CPU is running -- CPU_ReadMem(512 bytes @ 0x00401800) -- CPU is running -- CPU_ReadMem(512 bytes @ 0x00401A00) -- CPU is running -- CPU_ReadMem(512 bytes @ 0x00401C00) -- CPU is running -- CPU_ReadMem(512 bytes @ 0x00401E00) -- CPU is running -- CPU_ReadMem(512 bytes @ 0x00402000) -- CPU is running -- CPU_ReadMem(512 bytes @ 0x00402200) -- CPU is running -- CPU_ReadMem(512 bytes @ 0x00402400) -- CPU is running -- CPU_ReadMem(512 bytes @ 0x00402600) -- CPU is running
 -- CPU_ReadMem(512 bytes @ 0x00402800) -- CPU is running -- CPU_ReadMem(512 bytes @ 0x00402A00) -- CPU is running -- CPU_ReadMem(512 bytes @ 0x00402C00) -- CPU is running -- CPU_ReadMem(512 bytes @ 0x00402E00) -- CPU is running -- CPU_ReadMem(512 bytes @ 0x00403000) -- CPU is running -- CPU_ReadMem(512 bytes @ 0x00403200) -- CPU is running -- CPU_ReadMem(512 bytes @ 0x00403400) -- CPU is running -- CPU_ReadMem(512 bytes @ 0x00403600) -- CPU is running -- CPU_ReadMem(512 bytes @ 0x00403800)
 -- CPU is running -- CPU_ReadMem(512 bytes @ 0x00403A00) -- CPU is running -- CPU_ReadMem(512 bytes @ 0x00403C00) -- CPU is running -- CPU_ReadMem(512 bytes @ 0x00403E00) -- CRC does not match for sectors 0-31 -- Comparing range 0x404000 - 0x413FFF (16 Sectors, 64 KB), using multi-block CRC calculation -- CPU is running -- CPU_ReadMem(4096 bytes @ 0x00404000) -- CPU is running -- CPU_ReadMem(4096 bytes @ 0x00405000) -- CPU is running -- CPU_ReadMem(4096 bytes @ 0x00406000) -- CPU is running
 -- CPU_ReadMem(4096 bytes @ 0x00407000) -- CPU is running -- CPU_ReadMem(4096 bytes @ 0x00408000) -- CPU is running -- CPU_ReadMem(4096 bytes @ 0x00409000) -- CPU is running -- CPU_ReadMem(4096 bytes @ 0x0040A000) -- CPU is running -- CPU_ReadMem(4096 bytes @ 0x0040B000) -- CPU is running -- CPU_ReadMem(4096 bytes @ 0x0040C000) -- CPU is running -- CPU_ReadMem(4096 bytes @ 0x0040D000) -- CPU is running -- CPU_ReadMem(4096 bytes @ 0x0040E000) -- CPU is running -- CPU_ReadMem(4096 bytes @ 0x0040F000)
 -- CPU is running -- CPU_ReadMem(4096 bytes @ 0x00410000) -- CPU is running -- CPU_ReadMem(4096 bytes @ 0x00411000) -- CPU is running -- CPU_ReadMem(4096 bytes @ 0x00412000) -- CPU is running -- CPU_ReadMem(4096 bytes @ 0x00413000) -- CRC does not match for sectors 0-15 -- Comparing range 0x414000 - 0x419FFF (6 Sectors, 24 KB), using multi-block CRC calculation -- CPU is running -- CPU_ReadMem(4096 bytes @ 0x00414000) -- CPU is running -- CPU_ReadMem(4096 bytes @ 0x00415000) -- CPU is running
 -- CPU_ReadMem(4096 bytes @ 0x00416000) -- CPU is running -- CPU_ReadMem(4096 bytes @ 0x00417000) -- CPU is running -- CPU_ReadMem(4096 bytes @ 0x00418000) -- CPU is running -- CPU_ReadMem(4096 bytes @ 0x00419000) -- CRC does not match for sectors 0-5 -- End of comparing flash -- Start of erasing sectors -- End of erasing sectors -- Start of flash programming -- Programming range 0x00400000 - 0x00403FFF (032 Sectors, 16 KB) -- Programming range 0x00404000 - 0x00407FFF (004 Sectors, 16 KB)
 -- Programming range 0x00408000 - 0x0040BFFF (004 Sectors, 16 KB) -- Programming range 0x0040C000 - 0x0040FFFF (004 Sectors, 16 KB) -- Programming range 0x00410000 - 0x00413FFF (004 Sectors, 16 KB) -- Programming range 0x00414000 - 0x00417FFF (004 Sectors, 16 KB) -- Programming range 0x00418000 - 0x00419FFF (002 Sectors, 8 KB) -- End of flash programming -- Flash programming performed for 2 ranges (106496 bytes) -- 0x400000 - 0x403FFF (032 Sectors, 16 KB) -- 0x404000 - 0x419FFF (022 Sectors, 88 KB)
 -- Start of verifying flash -- Checksum calculation was estimated as fastest method -- Checksum calculation was estimated as fastest method -- End of verifying flash -- Start of restoring -- Restore RAMCode -- Restore content of target memory -- Restore target -- Restore memory -- Restore content of registers -- End of restoring -- Total time needed: 2.093s (Prepare: 0.141s, Compare: 0.746s, Erase: 0.000s, Program: 1.131s, Verify: 0.066s, Restore: 0.008s)  returns 0xFFFFFFFE (2101ms, 90519ms total)
T1D18 3832:289 JLINK_Halt()  returns 0x00 (0001ms, 90520ms total)
T1D18 3832:290 JLINK_ReadReg(R15 (PC))  returns 0xFFFFFFFE (0000ms, 90520ms total)
T1D18 3832:290 JLINK_ReadReg(R13 (SP))  returns 0xFFFFFFFC (0000ms, 90520ms total)
T1D18 3832:336 JLINK_ReadReg(R0)  returns 0x400E1400 (0000ms, 90520ms total)
T1D18 3832:336 JLINK_ReadReg(R1)  returns 0x40C00000 (0001ms, 90521ms total)
T1D18 3832:337 JLINK_ReadReg(R2)  returns 0xA5000005 (0000ms, 90521ms total)
T1D18 3832:337 JLINK_ReadReg(R3)  returns 0x004001BD (0000ms, 90521ms total)
T1D18 3832:337 JLINK_ReadReg(R4)  returns 0x4003C000 (0000ms, 90521ms total)
T1D18 3832:337 JLINK_ReadReg(R5)  returns 0x0040015D (0000ms, 90521ms total)
T1D18 3832:337 JLINK_ReadReg(R6)  returns 0x00400159 (0000ms, 90521ms total)
T1D18 3832:337 JLINK_ReadReg(R7)  returns 0x56862090 (0000ms, 90521ms total)
T1D18 3832:337 JLINK_ReadReg(R8)  returns 0xD14E8279 (0000ms, 90521ms total)
T1D18 3832:337 JLINK_ReadReg(R9)  returns 0xC9108E24 (0000ms, 90521ms total)
T1D18 3832:337 JLINK_ReadReg(R10)  returns 0xEA82C754 (0000ms, 90521ms total)
T1D18 3832:337 JLINK_ReadReg(R11)  returns 0xB197832C (0000ms, 90521ms total)
T1D18 3832:337 JLINK_ReadReg(R12)  returns 0x7D3E9A78 (0000ms, 90521ms total)
T1D18 3832:337 JLINK_ReadReg(R13 (SP))  returns 0xFFFFFFFC (0000ms, 90521ms total)
T1D18 3832:337 JLINK_ReadReg(R14)  returns 0xFFFFFFFF (0000ms, 90521ms total)
T1D18 3832:337 JLINK_ReadReg(R15 (PC))  returns 0xFFFFFFFE (0000ms, 90521ms total)
T1D18 3832:337 JLINK_ReadReg(XPSR)  returns 0x01000000 (0000ms, 90521ms total)
T1D18 3832:337 JLINK_ReadReg(MSP)  returns 0xFFFFFFFC (0000ms, 90521ms total)
T1D18 3832:337 JLINK_ReadReg(PSP)  returns 0x7050AD78 (0000ms, 90521ms total)
T1D18 3832:337 JLINK_ReadReg(PRIMASK)  returns 0x00000000 (0000ms, 90521ms total)
T1D18 3832:337 JLINK_ReadReg(BASEPRI)  returns 0x00000000 (0000ms, 90521ms total)
T1D18 3832:337 JLINK_ReadReg(FAULTMASK)  returns 0x00000000 (0000ms, 90521ms total)
T1D18 3832:338 JLINK_ReadReg(CONTROL)  returns 0x00000000 (0000ms, 90521ms total)
T1D18 3832:370 JLINK_EndDownload()  returns 0x00 (0000ms, 90521ms total)
T1D18 3832:370 JLINK_Reset() -- CPU_ReadMem(16 bytes @ 0x20000000) -- CPU_WriteMem(16 bytes @ 0x20000000) -- CPU_ReadMem(4 bytes @ 0xE000EDFC) -- CPU_WriteMem(4 bytes @ 0xE000EDFC) -- CPU_ReadMem(4 bytes @ 0xE0001000) -- CPU_WriteMem(4 bytes @ 0xE000EDFC) -- CPU_WriteMem(16 bytes @ 0x20000000) -- CPU_WriteMem(4 bytes @ 0xE0002000) -- CPU_ReadMem(4 bytes @ 0xE000EDFC) -- CPU_ReadMem(4 bytes @ 0xE0001000) (0032ms, 90553ms total)
T1ED4 3832:402 JLINK_IsHalted()  returns TRUE (0000ms, 90553ms total)
T1ED4 3832:402 JLINK_GetMOEs(...) -- CPU_ReadMem(4 bytes @ 0xE000ED30) -- CPU_WriteMem(4 bytes @ 0xE000ED30)  returns 0x01 (0002ms, 90555ms total)
T1ED4 3832:404 JLINK_ReadReg(R15 (PC))  returns 0x00400FE8 (0000ms, 90555ms total)
T1D18 3832:412 JLINK_ReadReg(R15 (PC))  returns 0x00400FE8 (0000ms, 90555ms total)
T1D18 3832:412 JLINK_ReadReg(R13 (SP))  returns 0x200038A0 (0000ms, 90555ms total)
T1D18 3832:425 JLINK_ReadMemHW(0x00400FE8, 0x0004 Bytes, ...) -- CPU_ReadMem(4 bytes @ 0x00400FE8) - Data: 08 B5 20 4B  returns 0x00 (0002ms, 90557ms total)
T1ED4 3832:604 JLINK_IsHalted()  returns TRUE (0001ms, 90558ms total)
T1D18 3832:645 JLINK_ReadMemHW(0x00401348, 0x0001 Bytes, ...) -- CPU_ReadMem(1 bytes @ 0x00401348) - Data: 70  returns 0x00 (0002ms, 90559ms total)
T1D18 3832:686 JLINK_ReadReg(R15 (PC))  returns 0x00400FE8 (0000ms, 90559ms total)
T1D18 3832:686 JLINK_GetNumBPUnits(Type = 0xFFFFFF02)  returns 0x06 (0000ms, 90559ms total)
T1D18 3832:686 JLINK_SetBPEx(Addr = 0x00401348, Type = 0xFFFFFF02)  returns 0x00000001 (0000ms, 90559ms total)
T1D18 3832:686 JLINK_GetBPInfo(BPHandle = 1)  returns 0x00 (0000ms, 90559ms total)
T1D18 3832:686 JLINK_Go() -- CPU_ReadMem(4 bytes @ 0xE0001000) -- CPU_WriteMem(4 bytes @ 0xE0002008) -- CPU_WriteMem(4 bytes @ 0xE000200C) -- CPU_WriteMem(4 bytes @ 0xE0002010) -- CPU_WriteMem(4 bytes @ 0xE0002014) -- CPU_WriteMem(4 bytes @ 0xE0002018) -- CPU_WriteMem(4 bytes @ 0xE000201C) -- CPU_WriteMem(4 bytes @ 0xE0001004) (0008ms, 90567ms total)
T1ED4 3832:694 JLINK_IsHalted()  returns TRUE (0005ms, 90572ms total)
T1ED4 3832:699 JLINK_GetMOEs(...) -- CPU_ReadMem(4 bytes @ 0xE000ED30) -- CPU_WriteMem(4 bytes @ 0xE000ED30)  returns 0x01 (0003ms, 90570ms total)
T1ED4 3832:702 JLINK_ReadReg(R15 (PC))  returns 0x00401348 (0000ms, 90570ms total)
T1ED4 3832:702 JLINK_GetBPInfo(BPHandle = 1)  returns 0x00 (0000ms, 90570ms total)
T1ED4 3832:702 JLINK_ClrBPEx(BPHandle = 0x00000001)  returns 0x00 (0000ms, 90570ms total)
T1D18 3832:704 JLINK_ReadReg(R15 (PC))  returns 0x00401348 (0000ms, 90570ms total)
T1D18 3832:704 JLINK_ReadReg(R13 (SP))  returns 0x20003898 (0000ms, 90570ms total)
T1D18 3832:705 JLINK_ReadMemHW(0x00401348, 0x0004 Bytes, ...) -- CPU_ReadMem(4 bytes @ 0x00401348) - Data: 70 B5 82 B0  returns 0x00 (0003ms, 90573ms total)
T1D18 3832:762 JLINK_ReadReg(R15 (PC))  returns 0x00401348 (0000ms, 90573ms total)
T1D18 3832:762 JLINK_Go() -- CPU_ReadMem(4 bytes @ 0xE0001000) -- CPU_WriteMem(4 bytes @ 0xE0002008) (0003ms, 90576ms total)
T1ED4 3832:766 JLINK_IsHalted()  returns FALSE (0000ms, 90576ms total)
T1ED4 3832:807 JLINK_IsHalted()  returns FALSE (0001ms, 90577ms total)
T1ED4 3832:968 JLINK_IsHalted()  returns FALSE (0001ms, 90577ms total)
T1ED4 3833:609 JLINK_IsHalted()  returns FALSE (0001ms, 90577ms total)
T1ED4 3834:250 JLINK_IsHalted()  returns FALSE (0001ms, 90577ms total)
T1ED4 3834:891 JLINK_IsHalted()  returns FALSE (0001ms, 90577ms total)
T1ED4 3835:532 JLINK_IsHalted()  returns FALSE (0001ms, 90577ms total)
T1ED4 3836:173 JLINK_IsHalted()  returns FALSE (0001ms, 90577ms total)
T1ED4 3836:814 JLINK_IsHalted()  returns FALSE (0001ms, 90577ms total)
T1ED4 3837:455 JLINK_IsHalted()  returns FALSE (0001ms, 90577ms total)
T1ED4 3838:096 JLINK_IsHalted()  returns FALSE (0000ms, 90576ms total)
T1ED4 3838:737 JLINK_IsHalted()  returns FALSE (0002ms, 90578ms total)
T1ED4 3839:379 JLINK_IsHalted()  returns FALSE (0000ms, 90576ms total)
T1ED4 3840:019 JLINK_IsHalted()  returns FALSE (0001ms, 90577ms total)
T1ED4 3840:660 JLINK_IsHalted()  returns FALSE (0001ms, 90577ms total)
T1ED4 3841:301 JLINK_IsHalted()  returns FALSE (0001ms, 90577ms total)
T1ED4 3841:943 JLINK_IsHalted()  returns FALSE (0000ms, 90576ms total)
T1ED4 3842:583 JLINK_IsHalted()  returns FALSE (0001ms, 90577ms total)
T1ED4 3843:226 JLINK_IsHalted()  returns FALSE (0000ms, 90576ms total)
T1ED4 3843:867 JLINK_IsHalted()  returns FALSE (0000ms, 90576ms total)
T1ED4 3844:508 JLINK_IsHalted()  returns FALSE (0000ms, 90576ms total)
T1ED4 3845:148 JLINK_IsHalted()  returns FALSE (0004ms, 90580ms total)
T1ED4 3845:793 JLINK_IsHalted()  returns FALSE (0001ms, 90577ms total)
T1ED4 3846:434 JLINK_IsHalted()  returns FALSE (0002ms, 90578ms total)
T1ED4 3847:076 JLINK_IsHalted()  returns FALSE (0001ms, 90577ms total)
T1ED4 3847:717 JLINK_IsHalted()  returns FALSE (0001ms, 90577ms total)
T1ED4 3848:358 JLINK_IsHalted()  returns FALSE (0001ms, 90577ms total)
T1ED4 3848:999 JLINK_IsHalted()  returns FALSE (0001ms, 90577ms total)
T1ED4 3849:640 JLINK_IsHalted()  returns FALSE (0001ms, 90577ms total)
T1ED4 3850:281 JLINK_IsHalted()  returns FALSE (0001ms, 90577ms total)
T1ED4 3850:922 JLINK_IsHalted()  returns FALSE (0001ms, 90577ms total)
T1ED4 3851:563 JLINK_IsHalted()  returns FALSE (0008ms, 90584ms total)
T1ED4 3852:211 JLINK_IsHalted()  returns FALSE (0001ms, 90577ms total)
T1ED4 3852:852 JLINK_IsHalted()  returns FALSE (0002ms, 90578ms total)
T1ED4 3853:494 JLINK_IsHalted()  returns FALSE (0001ms, 90577ms total)
T1ED4 3854:135 JLINK_IsHalted()  returns FALSE (0001ms, 90577ms total)
T1ED4 3854:777 JLINK_IsHalted()  returns FALSE (0000ms, 90576ms total)
T1ED4 3855:418 JLINK_IsHalted()  returns FALSE (0002ms, 90578ms total)
T1ED4 3856:060 JLINK_IsHalted()  returns FALSE (0001ms, 90577ms total)
T1ED4 3856:701 JLINK_IsHalted()  returns FALSE (0002ms, 90578ms total)
T1ED4 3857:344 JLINK_IsHalted()  returns FALSE (0001ms, 90577ms total)
T1ED4 3857:985 JLINK_IsHalted()  returns FALSE (0002ms, 90578ms total)
T1ED4 3858:627 JLINK_IsHalted()  returns FALSE (0000ms, 90576ms total)
T1ED4 3859:268 JLINK_IsHalted()  returns FALSE (0000ms, 90576ms total)
T1ED4 3859:909 JLINK_IsHalted()  returns FALSE (0000ms, 90576ms total)
T1ED4 3860:551 JLINK_IsHalted()  returns FALSE (0000ms, 90576ms total)
T1ED4 3861:192 JLINK_IsHalted()  returns FALSE (0001ms, 90577ms total)
T1ED4 3861:833 JLINK_IsHalted()  returns FALSE (0001ms, 90577ms total)
T1ED4 3862:474 JLINK_IsHalted()  returns FALSE (0001ms, 90577ms total)
T1ED4 3863:115 JLINK_IsHalted()  returns FALSE (0001ms, 90577ms total)
T1ED4 3863:756 JLINK_IsHalted()  returns FALSE (0001ms, 90577ms total)
T1ED4 3864:397 JLINK_IsHalted()  returns FALSE (0001ms, 90577ms total)
T1ED4 3865:038 JLINK_IsHalted()  returns FALSE (0001ms, 90577ms total)
T1ED4 3865:679 JLINK_IsHalted()  returns FALSE (0001ms, 90577ms total)
T1ED4 3866:320 JLINK_IsHalted()  returns FALSE (0001ms, 90577ms total)
T1ED4 3866:961 JLINK_IsHalted()  returns FALSE (0001ms, 90577ms total)
T1ED4 3867:602 JLINK_IsHalted()  returns FALSE (0001ms, 90577ms total)
T1ED4 3868:243 JLINK_IsHalted()  returns FALSE (0001ms, 90577ms total)
T1ED4 3868:884 JLINK_IsHalted()  returns FALSE (0001ms, 90577ms total)
T1ED4 3869:525 JLINK_IsHalted()  returns FALSE (0001ms, 90577ms total)
T1ED4 3870:166 JLINK_IsHalted()  returns FALSE (0001ms, 90577ms total)
T1ED4 3870:807 JLINK_IsHalted()  returns FALSE (0001ms, 90577ms total)
T1ED4 3871:448 JLINK_IsHalted()  returns FALSE (0001ms, 90577ms total)
T1ED4 3872:089 JLINK_IsHalted()  returns FALSE (0001ms, 90577ms total)
T1ED4 3872:730 JLINK_IsHalted()  returns FALSE (0001ms, 90577ms total)
T1ED4 3873:371 JLINK_IsHalted()  returns FALSE (0001ms, 90577ms total)
T1ED4 3874:012 JLINK_IsHalted()  returns FALSE (0000ms, 90576ms total)
T1ED4 3874:652 JLINK_IsHalted()  returns FALSE (0001ms, 90577ms total)
T1ED4 3875:293 JLINK_IsHalted()  returns FALSE (0001ms, 90577ms total)
T1ED4 3875:934 JLINK_IsHalted()  returns FALSE (0001ms, 90577ms total)
T1ED4 3876:576 JLINK_IsHalted()  returns FALSE (0000ms, 90576ms total)
T1ED4 3877:216 JLINK_IsHalted()  returns FALSE (0001ms, 90577ms total)
T1ED4 3877:858 JLINK_IsHalted()  returns FALSE (0001ms, 90577ms total)
T1ED4 3878:499 JLINK_IsHalted()  returns FALSE (0001ms, 90577ms total)
T1ED4 3879:141 JLINK_IsHalted()  returns FALSE (0001ms, 90577ms total)
T1ED4 3879:782 JLINK_IsHalted()  returns FALSE (0001ms, 90577ms total)
T1ED4 3880:423 JLINK_IsHalted()  returns FALSE (0001ms, 90577ms total)
T1ED4 3881:064 JLINK_IsHalted()  returns FALSE (0001ms, 90577ms total)
T1ED4 3881:705 JLINK_IsHalted()  returns FALSE (0001ms, 90577ms total)
T1ED4 3882:346 JLINK_IsHalted()  returns FALSE (0001ms, 90577ms total)
T1ED4 3882:987 JLINK_IsHalted()  returns FALSE (0001ms, 90577ms total)
T1ED4 3883:628 JLINK_IsHalted()  returns FALSE (0001ms, 90577ms total)
T1ED4 3884:269 JLINK_IsHalted()  returns FALSE (0001ms, 90577ms total)
T1ED4 3884:910 JLINK_IsHalted()  returns FALSE (0001ms, 90577ms total)
T1ED4 3885:551 JLINK_IsHalted()  returns FALSE (0001ms, 90577ms total)
T1ED4 3886:192 JLINK_IsHalted()  returns FALSE (0001ms, 90577ms total)
T1ED4 3886:833 JLINK_IsHalted()  returns FALSE (0001ms, 90577ms total)
T1ED4 3887:474 JLINK_IsHalted()  returns FALSE (0002ms, 90578ms total)
T1ED4 3888:116 JLINK_IsHalted()  returns FALSE (0001ms, 90577ms total)
T1ED4 3888:757 JLINK_IsHalted()  returns FALSE (0001ms, 90577ms total)
T1ED4 3889:398 JLINK_IsHalted()  returns FALSE (0001ms, 90577ms total)
T1ED4 3890:040 JLINK_IsHalted()  returns FALSE (0001ms, 90577ms total)
T1ED4 3890:681 JLINK_IsHalted()  returns FALSE (0001ms, 90577ms total)
T1ED4 3891:322 JLINK_IsHalted()  returns FALSE (0001ms, 90577ms total)
T1ED4 3891:963 JLINK_IsHalted()  returns FALSE (0001ms, 90577ms total)
T1ED4 3892:604 JLINK_IsHalted()  returns FALSE (0002ms, 90578ms total)
T1ED4 3893:246 JLINK_IsHalted()  returns FALSE (0001ms, 90577ms total)
T1ED4 3893:888 JLINK_IsHalted()  returns FALSE (0000ms, 90576ms total)
T1ED4 3894:528 JLINK_IsHalted()  returns FALSE (0000ms, 90576ms total)
T1ED4 3895:168 JLINK_IsHalted()  returns FALSE (0001ms, 90577ms total)
T1ED4 3895:809 JLINK_IsHalted()  returns FALSE (0000ms, 90576ms total)
T1ED4 3896:450 JLINK_IsHalted()  returns FALSE (0000ms, 90576ms total)
T1ED4 3897:091 JLINK_IsHalted()  returns FALSE (0001ms, 90577ms total)
T1ED4 3897:732 JLINK_IsHalted()  returns FALSE (0002ms, 90578ms total)
T1ED4 3898:374 JLINK_IsHalted()  returns FALSE (0001ms, 90577ms total)
T1ED4 3899:015 JLINK_IsHalted()  returns FALSE (0002ms, 90578ms total)
T1ED4 3899:657 JLINK_IsHalted()  returns FALSE (0001ms, 90577ms total)
T1ED4 3900:298 JLINK_IsHalted()  returns FALSE (0001ms, 90577ms total)
T1ED4 3900:940 JLINK_IsHalted()  returns FALSE (0001ms, 90577ms total)
T1ED4 3901:581 JLINK_IsHalted()  returns FALSE (0001ms, 90577ms total)
T1ED4 3902:222 JLINK_IsHalted()  returns FALSE (0001ms, 90577ms total)
T1ED4 3902:863 JLINK_IsHalted()  returns FALSE (0001ms, 90577ms total)
T1ED4 3903:504 JLINK_IsHalted()  returns FALSE (0001ms, 90577ms total)
T1ED4 3904:145 JLINK_IsHalted()  returns FALSE (0001ms, 90577ms total)
T1ED4 3904:786 JLINK_IsHalted()  returns FALSE (0001ms, 90577ms total)
T1ED4 3905:427 JLINK_IsHalted()  returns FALSE (0002ms, 90578ms total)
T1ED4 3906:069 JLINK_IsHalted()  returns FALSE (0001ms, 90577ms total)
T1ED4 3906:710 JLINK_IsHalted()  returns FALSE (0001ms, 90577ms total)
T1ED4 3907:351 JLINK_IsHalted()  returns FALSE (0001ms, 90577ms total)
T1ED4 3907:992 JLINK_IsHalted()  returns FALSE (0001ms, 90577ms total)
T1ED4 3908:633 JLINK_IsHalted()  returns FALSE (0001ms, 90577ms total)
T1ED4 3909:274 JLINK_IsHalted()  returns FALSE (0001ms, 90577ms total)
T1ED4 3909:915 JLINK_IsHalted()  returns FALSE (0001ms, 90577ms total)
T1ED4 3910:556 JLINK_IsHalted()  returns FALSE (0001ms, 90577ms total)
T1ED4 3911:197 JLINK_IsHalted()  returns FALSE (0001ms, 90577ms total)
T1ED4 3911:840 JLINK_IsHalted()  returns FALSE (0000ms, 90576ms total)
T1ED4 3912:481 JLINK_IsHalted()  returns FALSE (0000ms, 90576ms total)
T1ED4 3913:122 JLINK_IsHalted()  returns FALSE (0000ms, 90576ms total)
T1ED4 3913:763 JLINK_IsHalted()  returns FALSE (0001ms, 90577ms total)
T1ED4 3914:404 JLINK_IsHalted()  returns FALSE (0001ms, 90577ms total)
T1ED4 3915:046 JLINK_IsHalted()  returns FALSE (0000ms, 90576ms total)
T1ED4 3915:687 JLINK_IsHalted()  returns FALSE (0001ms, 90577ms total)
T1ED4 3916:328 JLINK_IsHalted()  returns FALSE (0001ms, 90577ms total)
T1ED4 3916:969 JLINK_IsHalted()  returns FALSE (0001ms, 90577ms total)
T1ED4 3917:610 JLINK_IsHalted()  returns FALSE (0001ms, 90577ms total)
T1ED4 3918:251 JLINK_IsHalted()  returns FALSE (0001ms, 90577ms total)
T1ED4 3918:892 JLINK_IsHalted()  returns FALSE (0001ms, 90577ms total)
T1ED4 3919:533 JLINK_IsHalted()  returns FALSE (0001ms, 90577ms total)
T1ED4 3920:174 JLINK_IsHalted()  returns FALSE (0000ms, 90576ms total)
T1ED4 3920:814 JLINK_IsHalted()  returns FALSE (0001ms, 90577ms total)
T1ED4 3921:455 JLINK_IsHalted()  returns FALSE (0001ms, 90577ms total)
T1ED4 3922:096 JLINK_IsHalted()  returns FALSE (0001ms, 90577ms total)
T1ED4 3922:737 JLINK_IsHalted()  returns FALSE (0001ms, 90577ms total)
T1ED4 3923:378 JLINK_IsHalted()  returns FALSE (0001ms, 90577ms total)
T1ED4 3924:019 JLINK_IsHalted()  returns FALSE (0001ms, 90577ms total)
T1ED4 3924:660 JLINK_IsHalted()  returns FALSE (0001ms, 90577ms total)
T1ED4 3925:301 JLINK_IsHalted()  returns FALSE (0001ms, 90577ms total)
T1ED4 3925:942 JLINK_IsHalted()  returns FALSE (0001ms, 90577ms total)
T1ED4 3926:583 JLINK_IsHalted()  returns FALSE (0001ms, 90577ms total)
T1ED4 3927:224 JLINK_IsHalted()  returns FALSE (0001ms, 90577ms total)
T1ED4 3927:865 JLINK_IsHalted()  returns FALSE (0001ms, 90577ms total)
T1ED4 3928:507 JLINK_IsHalted()  returns FALSE (0000ms, 90576ms total)
T1ED4 3929:148 JLINK_IsHalted()  returns FALSE (0000ms, 90576ms total)
T1ED4 3929:789 JLINK_IsHalted()  returns FALSE (0000ms, 90576ms total)
T1ED4 3930:430 JLINK_IsHalted()  returns FALSE (0000ms, 90576ms total)
T1ED4 3931:071 JLINK_IsHalted()  returns FALSE (0002ms, 90578ms total)
T1ED4 3931:713 JLINK_IsHalted()  returns FALSE (0001ms, 90577ms total)
T1ED4 3932:354 JLINK_IsHalted()  returns FALSE (0001ms, 90577ms total)
T1ED4 3932:995 JLINK_IsHalted()  returns FALSE (0000ms, 90576ms total)
T1ED4 3933:635 JLINK_IsHalted()  returns FALSE (0001ms, 90577ms total)
T1ED4 3934:276 JLINK_IsHalted()  returns FALSE (0001ms, 90577ms total)
T1ED4 3934:917 JLINK_IsHalted()  returns FALSE (0001ms, 90577ms total)
T1ED4 3935:558 JLINK_IsHalted()  returns FALSE (0001ms, 90577ms total)
T1ED4 3936:199 JLINK_IsHalted()  returns FALSE (0001ms, 90577ms total)
T1ED4 3936:840 JLINK_IsHalted()  returns FALSE (0000ms, 90576ms total)
T1ED4 3937:480 JLINK_IsHalted()  returns FALSE (0001ms, 90577ms total)
T1ED4 3938:121 JLINK_IsHalted()  returns FALSE (0001ms, 90577ms total)
T1ED4 3938:762 JLINK_IsHalted()  returns FALSE (0001ms, 90577ms total)
T1ED4 3939:403 JLINK_IsHalted()  returns FALSE (0001ms, 90577ms total)
T1ED4 3940:044 JLINK_IsHalted()  returns FALSE (0001ms, 90577ms total)
T1ED4 3940:685 JLINK_IsHalted()  returns FALSE (0001ms, 90577ms total)
T1ED4 3941:326 JLINK_IsHalted()  returns FALSE (0001ms, 90577ms total)
T1ED4 3941:968 JLINK_IsHalted()  returns FALSE (0001ms, 90577ms total)
T1ED4 3942:609 JLINK_IsHalted()  returns FALSE (0001ms, 90577ms total)
T1ED4 3943:250 JLINK_IsHalted()  returns FALSE (0001ms, 90577ms total)
T1ED4 3943:891 JLINK_IsHalted()  returns FALSE (0002ms, 90578ms total)
T1ED4 3944:533 JLINK_IsHalted()  returns FALSE (0001ms, 90577ms total)
T1ED4 3945:174 JLINK_IsHalted()  returns FALSE (0001ms, 90577ms total)
T1ED4 3945:815 JLINK_IsHalted()  returns FALSE (0000ms, 90576ms total)
T1ED4 3946:456 JLINK_IsHalted()  returns FALSE (0000ms, 90576ms total)
T1ED4 3947:097 JLINK_IsHalted()  returns FALSE (0000ms, 90576ms total)
T1ED4 3947:738 JLINK_IsHalted()  returns FALSE (0000ms, 90576ms total)
T1ED4 3948:379 JLINK_IsHalted()  returns FALSE (0000ms, 90576ms total)
T1ED4 3949:020 JLINK_IsHalted()  returns FALSE (0001ms, 90577ms total)
T1ED4 3949:661 JLINK_IsHalted()  returns FALSE (0001ms, 90577ms total)
T1ED4 3950:302 JLINK_IsHalted()  returns FALSE (0001ms, 90577ms total)
T1ED4 3950:943 JLINK_IsHalted()  returns FALSE (0001ms, 90577ms total)
T1ED4 3951:584 JLINK_IsHalted()  returns FALSE (0001ms, 90577ms total)
T1ED4 3952:225 JLINK_IsHalted()  returns FALSE (0001ms, 90577ms total)
T1ED4 3952:866 JLINK_IsHalted()  returns FALSE (0001ms, 90577ms total)
T1ED4 3953:507 JLINK_IsHalted()  returns FALSE (0001ms, 90577ms total)
T1ED4 3954:148 JLINK_IsHalted()  returns FALSE (0001ms, 90577ms total)
T1ED4 3954:789 JLINK_IsHalted()  returns FALSE (0001ms, 90577ms total)
T1ED4 3955:430 JLINK_IsHalted()  returns FALSE (0001ms, 90577ms total)
T1ED4 3956:071 JLINK_IsHalted()  returns FALSE (0001ms, 90577ms total)
T1ED4 3956:712 JLINK_IsHalted()  returns FALSE (0001ms, 90577ms total)
T1ED4 3957:353 JLINK_IsHalted()  returns FALSE (0001ms, 90577ms total)
T1ED4 3957:994 JLINK_IsHalted()  returns FALSE (0001ms, 90577ms total)
T1ED4 3958:635 JLINK_IsHalted()  returns FALSE (0001ms, 90577ms total)
T1ED4 3959:276 JLINK_IsHalted()  returns FALSE (0001ms, 90577ms total)
T1ED4 3959:918 JLINK_IsHalted()  returns FALSE (0003ms, 90579ms total)
T1ED4 3960:562 JLINK_IsHalted()  returns FALSE (0001ms, 90577ms total)
T1ED4 3961:203 JLINK_IsHalted()  returns FALSE (0001ms, 90577ms total)
T1ED4 3961:844 JLINK_IsHalted()  returns FALSE (0001ms, 90577ms total)
T1ED4 3962:485 JLINK_IsHalted()  returns FALSE (0000ms, 90576ms total)
T1ED4 3963:125 JLINK_IsHalted()  returns FALSE (0003ms, 90579ms total)
T1ED4 3963:769 JLINK_IsHalted()  returns FALSE (0000ms, 90576ms total)
T1ED4 3964:410 JLINK_IsHalted()  returns FALSE (0000ms, 90576ms total)
T1ED4 3965:051 JLINK_IsHalted()  returns FALSE (0000ms, 90576ms total)
T1ED4 3965:692 JLINK_IsHalted()  returns FALSE (0000ms, 90576ms total)
T1ED4 3966:333 JLINK_IsHalted()  returns FALSE (0000ms, 90576ms total)
T1ED4 3966:973 JLINK_IsHalted()  returns FALSE (0001ms, 90577ms total)
T1ED4 3967:614 JLINK_IsHalted()  returns FALSE (0001ms, 90577ms total)
T1ED4 3968:255 JLINK_IsHalted()  returns FALSE (0002ms, 90578ms total)
T1ED4 3968:897 JLINK_IsHalted()  returns FALSE (0001ms, 90577ms total)
T1ED4 3969:538 JLINK_IsHalted()  returns FALSE (0001ms, 90577ms total)
T1ED4 3970:179 JLINK_IsHalted()  returns FALSE (0000ms, 90576ms total)
T1ED4 3970:819 JLINK_IsHalted()  returns FALSE (0001ms, 90577ms total)
T1ED4 3971:460 JLINK_IsHalted()  returns FALSE (0001ms, 90577ms total)
T1ED4 3972:102 JLINK_IsHalted()  returns FALSE (0006ms, 90582ms total)
T1ED4 3972:749 JLINK_IsHalted()  returns FALSE (0001ms, 90577ms total)
T1ED4 3973:390 JLINK_IsHalted()  returns FALSE (0001ms, 90577ms total)
T1ED4 3974:031 JLINK_IsHalted()  returns FALSE (0001ms, 90577ms total)
T1ED4 3974:672 JLINK_IsHalted()  returns FALSE (0002ms, 90578ms total)
T1ED4 3975:314 JLINK_IsHalted()  returns FALSE (0001ms, 90577ms total)
T1ED4 3975:955 JLINK_IsHalted()  returns FALSE (0001ms, 90577ms total)
T1ED4 3976:596 JLINK_IsHalted()  returns FALSE (0001ms, 90577ms total)
T1ED4 3977:237 JLINK_IsHalted()  returns FALSE (0001ms, 90577ms total)
T1ED4 3977:878 JLINK_IsHalted()  returns FALSE (0001ms, 90577ms total)
T1ED4 3978:519 JLINK_IsHalted()  returns FALSE (0001ms, 90577ms total)
T1ED4 3979:160 JLINK_IsHalted()  returns FALSE (0001ms, 90577ms total)
T1ED4 3979:802 JLINK_IsHalted()  returns FALSE (0002ms, 90578ms total)
T1ED4 3980:445 JLINK_IsHalted()  returns FALSE (0000ms, 90576ms total)
T1ED4 3981:087 JLINK_IsHalted()  returns FALSE (0000ms, 90576ms total)
T1ED4 3981:728 JLINK_IsHalted()  returns FALSE (0000ms, 90576ms total)
T1ED4 3982:368 JLINK_IsHalted()  returns FALSE (0001ms, 90577ms total)
T1ED4 3983:010 JLINK_IsHalted()  returns FALSE (0000ms, 90576ms total)
T1ED4 3983:651 JLINK_IsHalted()  returns FALSE (0009ms, 90585ms total)
T1ED4 3984:300 JLINK_IsHalted()  returns FALSE (0001ms, 90577ms total)
T1ED4 3984:941 JLINK_IsHalted()  returns FALSE (0001ms, 90577ms total)
T1ED4 3985:582 JLINK_IsHalted()  returns FALSE (0001ms, 90577ms total)
T1ED4 3986:223 JLINK_IsHalted()  returns FALSE (0001ms, 90577ms total)
T1ED4 3986:864 JLINK_IsHalted()  returns FALSE (0001ms, 90577ms total)
T1ED4 3987:505 JLINK_IsHalted()  returns FALSE (0001ms, 90577ms total)
T1ED4 3988:146 JLINK_IsHalted()  returns FALSE (0001ms, 90577ms total)
T1ED4 3988:787 JLINK_IsHalted()  returns FALSE (0001ms, 90577ms total)
T1ED4 3989:428 JLINK_IsHalted()  returns FALSE (0001ms, 90577ms total)
T1ED4 3990:069 JLINK_IsHalted()  returns FALSE (0001ms, 90577ms total)
T1ED4 3990:710 JLINK_IsHalted()  returns FALSE (0001ms, 90577ms total)
T1ED4 3991:351 JLINK_IsHalted()  returns FALSE (0001ms, 90577ms total)
T1ED4 3991:992 JLINK_IsHalted()  returns FALSE (0001ms, 90577ms total)
T1ED4 3992:633 JLINK_IsHalted()  returns FALSE (0001ms, 90577ms total)
T1ED4 3993:274 JLINK_IsHalted()  returns FALSE (0001ms, 90577ms total)
T1ED4 3993:915 JLINK_IsHalted()  returns FALSE (0001ms, 90577ms total)
T1ED4 3994:556 JLINK_IsHalted()  returns FALSE (0001ms, 90577ms total)
T1ED4 3995:197 JLINK_IsHalted()  returns FALSE (0002ms, 90578ms total)
T1ED4 3995:839 JLINK_IsHalted()  returns FALSE (0001ms, 90577ms total)
T1ED4 3996:480 JLINK_IsHalted()  returns FALSE (0001ms, 90577ms total)
T1ED4 3997:121 JLINK_IsHalted()  returns FALSE (0000ms, 90576ms total)
T1ED4 3997:762 JLINK_IsHalted()  returns FALSE (0000ms, 90576ms total)
T1ED4 3998:403 JLINK_IsHalted()  returns FALSE (0001ms, 90577ms total)
T1ED4 3999:045 JLINK_IsHalted()  returns FALSE (0000ms, 90576ms total)
T1ED4 3999:685 JLINK_IsHalted()  returns FALSE (0000ms, 90576ms total)
T1ED4 4000:326 JLINK_IsHalted()  returns FALSE (0001ms, 90577ms total)
T1ED4 4000:968 JLINK_IsHalted()  returns FALSE (0000ms, 90576ms total)
T1ED4 4001:608 JLINK_IsHalted()  returns FALSE (0001ms, 90577ms total)
T1ED4 4002:249 JLINK_IsHalted()  returns FALSE (0001ms, 90577ms total)
T1ED4 4002:891 JLINK_IsHalted()  returns FALSE (0001ms, 90577ms total)
T1ED4 4003:532 JLINK_IsHalted()  returns FALSE (0001ms, 90577ms total)
T1ED4 4004:173 JLINK_IsHalted()  returns FALSE (0002ms, 90578ms total)
T1ED4 4004:815 JLINK_IsHalted()  returns FALSE (0001ms, 90577ms total)
T1ED4 4005:456 JLINK_IsHalted()  returns FALSE (0001ms, 90577ms total)
T1ED4 4006:097 JLINK_IsHalted()  returns FALSE (0001ms, 90577ms total)
T1ED4 4006:738 JLINK_IsHalted()  returns FALSE (0001ms, 90577ms total)
T1ED4 4007:379 JLINK_IsHalted()  returns FALSE (0001ms, 90577ms total)
T1ED4 4008:020 JLINK_IsHalted()  returns FALSE (0002ms, 90578ms total)
T1ED4 4008:662 JLINK_IsHalted()  returns FALSE (0001ms, 90577ms total)
T1ED4 4009:303 JLINK_IsHalted()  returns FALSE (0001ms, 90577ms total)
T1ED4 4009:944 JLINK_IsHalted()  returns FALSE (0001ms, 90577ms total)
T1ED4 4010:585 JLINK_IsHalted()  returns FALSE (0001ms, 90577ms total)
T1ED4 4011:226 JLINK_IsHalted()  returns FALSE (0001ms, 90577ms total)
T1ED4 4011:867 JLINK_IsHalted()  returns FALSE (0001ms, 90577ms total)
T1ED4 4012:508 JLINK_IsHalted()  returns FALSE (0001ms, 90577ms total)
T1ED4 4013:149 JLINK_IsHalted()  returns FALSE (0001ms, 90577ms total)
T1ED4 4013:790 JLINK_IsHalted()  returns FALSE (0001ms, 90577ms total)
T1ED4 4014:431 JLINK_IsHalted()  returns FALSE (0001ms, 90577ms total)
T1ED4 4015:073 JLINK_IsHalted()  returns FALSE (0000ms, 90576ms total)
T1ED4 4015:714 JLINK_IsHalted()  returns FALSE (0000ms, 90576ms total)
T1ED4 4016:355 JLINK_IsHalted()  returns FALSE (0000ms, 90576ms total)
T1ED4 4016:995 JLINK_IsHalted()  returns FALSE (0001ms, 90577ms total)
T1ED4 4017:637 JLINK_IsHalted()  returns FALSE (0001ms, 90577ms total)
T1ED4 4018:279 JLINK_IsHalted()  returns FALSE (0001ms, 90577ms total)
T1ED4 4018:920 JLINK_IsHalted()  returns FALSE (0001ms, 90577ms total)
T1ED4 4019:562 JLINK_IsHalted()  returns FALSE (0001ms, 90577ms total)
T1ED4 4020:203 JLINK_IsHalted()  returns FALSE (0001ms, 90577ms total)
T1ED4 4020:844 JLINK_IsHalted()  returns FALSE (0004ms, 90580ms total)
T1ED4 4021:488 JLINK_IsHalted()  returns FALSE (0001ms, 90577ms total)
T1ED4 4022:129 JLINK_IsHalted()  returns FALSE (0001ms, 90577ms total)
T1ED4 4022:770 JLINK_IsHalted()  returns FALSE (0000ms, 90576ms total)
T1ED4 4023:410 JLINK_IsHalted()  returns FALSE (0001ms, 90577ms total)
T1ED4 4024:051 JLINK_IsHalted()  returns FALSE (0000ms, 90576ms total)
T1ED4 4024:692 JLINK_IsHalted()  returns FALSE (0002ms, 90578ms total)
T1ED4 4025:334 JLINK_IsHalted()  returns FALSE (0000ms, 90576ms total)
T1ED4 4025:974 JLINK_IsHalted()  returns FALSE (0001ms, 90577ms total)
T1ED4 4026:615 JLINK_IsHalted()  returns FALSE (0001ms, 90577ms total)
T1ED4 4027:256 JLINK_IsHalted()  returns FALSE (0001ms, 90577ms total)
T1ED4 4027:897 JLINK_IsHalted()  returns FALSE (0001ms, 90577ms total)
T1ED4 4028:538 JLINK_IsHalted()  returns FALSE (0001ms, 90577ms total)
T1ED4 4029:179 JLINK_IsHalted()  returns FALSE (0001ms, 90577ms total)
T1ED4 4029:820 JLINK_IsHalted()  returns FALSE (0001ms, 90577ms total)
T1ED4 4030:461 JLINK_IsHalted()  returns FALSE (0001ms, 90577ms total)
T1ED4 4031:102 JLINK_IsHalted()  returns FALSE (0002ms, 90578ms total)
T1ED4 4031:744 JLINK_IsHalted()  returns FALSE (0001ms, 90577ms total)
T1ED4 4032:385 JLINK_IsHalted()  returns FALSE (0001ms, 90577ms total)
T1ED4 4033:027 JLINK_IsHalted()  returns FALSE (0000ms, 90576ms total)
T1ED4 4033:668 JLINK_IsHalted()  returns FALSE (0000ms, 90576ms total)
T1ED4 4034:308 JLINK_IsHalted()  returns FALSE (0000ms, 90576ms total)
T1ED4 4034:949 JLINK_IsHalted()  returns FALSE (0000ms, 90576ms total)
T1ED4 4035:589 JLINK_IsHalted()  returns FALSE (0000ms, 90576ms total)
T1ED4 4036:231 JLINK_IsHalted()  returns FALSE (0002ms, 90578ms total)
T1D18 4036:559 JLINK_Halt()  returns 0x00 (0010ms, 90586ms total)
T1ED4 4036:873 JLINK_IsHalted()  returns TRUE (0001ms, 90587ms total)
T1ED4 4036:874 JLINK_GetMOEs(...) -- CPU_ReadMem(4 bytes @ 0xE000ED30) -- CPU_WriteMem(4 bytes @ 0xE000ED30)  returns 0x01 (0002ms, 90588ms total)
T1ED4 4036:876 JLINK_ReadReg(R15 (PC))  returns 0x004013B4 (0000ms, 90588ms total)
T0EC8 4036:878 JLINK_ResetPullsRESET(ON) (0000ms, 90588ms total)
T0EC8 4036:878 JLINK_ResetNoHalt() >0x2F8 JTAG>TotalIRLen = 4, IRPrint = 0x01 >0x30 JTAG> >0x210 JTAG> >0x70 JTAG> >0x40 JTAG> >0x40 JTAG> >0x40 JTAG> >0x48 JTAG> >0x78 JTAG> >0x40 JTAG> >0x30 JTAG> >0x40 JTAG> >0x40 JTAG> >0x30 JTAG> >0x40 JTAG> >0x48 JTAG>Found Cortex-M4 r0p1, Little endian. -- CPU_WriteMem(4 bytes @ 0xE0002000) -- CPU_ReadMem(4 bytes @ 0xE000EDF0) -- CPU_ReadMem(4 bytes @ 0xE0002000)FPUnit: 6 code (BP) slots and 2 literal slots -- CPU_ReadMem(4 bytes @ 0xE000EDFC)
 -- CPU_ReadMem(4 bytes @ 0xE0001000) -- CPU_ReadMem(4 bytes @ 0xE000ED88) -- CPU_WriteMem(4 bytes @ 0xE000ED88) -- CPU_ReadMem(4 bytes @ 0xE000ED88) -- CPU_WriteMem(4 bytes @ 0xE000ED88)CoreSight components:ROMTbl 0 @ E00FF000 -- CPU_ReadMem(16 bytes @ 0xE00FF000) -- CPU_ReadMem(16 bytes @ 0xE000EFF0) -- CPU_ReadMem(16 bytes @ 0xE000EFE0)ROMTbl 0 [0]: FFF0F000, CID: B105E00D, PID: 000BB000 SCS -- CPU_WriteMem(4 bytes @ 0xE0001000) -- CPU_ReadMem(16 bytes @ 0xE0001FF0)
 -- CPU_ReadMem(16 bytes @ 0xE0001FE0)ROMTbl 0 [1]: FFF02000, CID: B105E00D, PID: 003BB002 DWT -- CPU_ReadMem(16 bytes @ 0xE0002FF0) -- CPU_ReadMem(16 bytes @ 0xE0002FE0)ROMTbl 0 [2]: FFF03000, CID: B105E00D, PID: 002BB003 FPB -- CPU_ReadMem(16 bytes @ 0xE0000FF0) -- CPU_ReadMem(16 bytes @ 0xE0000FE0)ROMTbl 0 [3]: FFF01000, CID: B105E00D, PID: 003BB001 ITM -- CPU_ReadMem(16 bytes @ 0xE00FF010) -- CPU_ReadMem(16 bytes @ 0xE0040FF0) -- CPU_ReadMem(16 bytes @ 0xE0040FE0)
ROMTbl 0 [4]: FFF41000, CID: B105900D, PID: 000BB9A1 TPIU
                JLINK_Reset() -- CPU_ReadMem(16 bytes @ 0x20000000) -- CPU_WriteMem(16 bytes @ 0x20000000) -- CPU_ReadMem(4 bytes @ 0xE000EDFC) -- CPU_WriteMem(4 bytes @ 0xE000EDFC) -- CPU_ReadMem(4 bytes @ 0xE0001000) -- CPU_WriteMem(4 bytes @ 0xE000EDFC) -- CPU_WriteMem(16 bytes @ 0x20000000) -- CPU_WriteMem(4 bytes @ 0xE0002000) -- CPU_ReadMem(4 bytes @ 0xE000EDFC) -- CPU_ReadMem(4 bytes @ 0xE0001000) (0035ms, 0035ms total)
                JLINK_Go() -- CPU_ReadMem(4 bytes @ 0xE0001000) -- CPU_WriteMem(4 bytes @ 0xE0002008) -- CPU_WriteMem(4 bytes @ 0xE000200C) -- CPU_WriteMem(4 bytes @ 0xE0002010) -- CPU_WriteMem(4 bytes @ 0xE0002014) -- CPU_WriteMem(4 bytes @ 0xE0002018) -- CPU_WriteMem(4 bytes @ 0xE000201C) -- CPU_WriteMem(4 bytes @ 0xE0001004) (0005ms, 0040ms total)
               (0085ms, 90673ms total)
T0EC8 4036:978 JLINK_Close() -- CPU is running -- CPU_WriteMem(4 bytes @ 0xE0002008) -- CPU is running -- CPU_WriteMem(4 bytes @ 0xE000200C) -- CPU is running -- CPU_WriteMem(4 bytes @ 0xE0002010) -- CPU is running -- CPU_WriteMem(4 bytes @ 0xE0002014) -- CPU is running -- CPU_WriteMem(4 bytes @ 0xE0002018) -- CPU is running -- CPU_WriteMem(4 bytes @ 0xE000201C) >0x78 JTAG> >0x08 JTAG> (0012ms, 90685ms total)
T0EC8 4036:978  (0012ms, 90685ms total)
T0EC8 4036:978 Closed (0012ms, 90685ms total)
